#
# A fatal error has been detected by the Java Runtime Environment:
#
#  Internal Error (t:/workspace/open/src/hotspot/share/utilities/exceptions.cpp:464), pid=476, tid=4228
#  fatal error: ExceptionMark destructor expects no pending exceptions
#
# JRE version: Java(TM) SE Runtime Environment (10.0.1+10) (build 10.0.1+10)
# Java VM: Java HotSpot(TM) 64-Bit Server VM (10.0.1+10, mixed mode, tiered, compressed oops, g1 gc, windows-amd64)
# No core dump will be written. Minidumps are not enabled by default on client versions of Windows
#
# If you would like to submit a bug report, please visit:
#   http://bugreport.java.com/bugreport/crash.jsp
#

---------------  S U M M A R Y ------------

Command Line: -agentlib:jdwp=transport=dt_socket,suspend=y,address=localhost:49649 -Dfile.encoding=Cp1252 ESPReaderConsola.ESPReaderConsola 10.0.0.231:7086 /usr/bin/mosquitto_pub 10.0.0.230  

Host: Intel(R) Core(TM) i5-2400 CPU @ 3.10GHz, 4 cores, 7G,  Windows 7 , 64 bit Build 7601 (6.1.7601.23391)
Time: Wed Oct 03 22:02:26 2018 SA Western Standard Time elapsed time: 25 seconds (0d 0h 0m 25s)

---------------  T H R E A D  ---------------

Current thread (0x000000006274c800):  JavaThread "Thread-1" [_thread_in_vm, id=4228, stack(0x0000000063530000,0x0000000063630000)]

Stack: [0x0000000063530000,0x0000000063630000]
Native frames: (J=compiled Java code, j=interpreted, Vv=VM code, C=native code)
V  [jvm.dll+0x5a0369]
V  [jvm.dll+0x6bcf81]
V  [jvm.dll+0x6be176]
V  [jvm.dll+0x6be7b6]
V  [jvm.dll+0x23470d]
V  [jvm.dll+0x2b238a]
V  [jvm.dll+0x46c285]
V  [jvm.dll+0x3626b3]
C  0x0000000009a70e42

Java frames: (J=compiled Java code, j=interpreted, Vv=VM code)
j  java.net.SocketInputStream.socketRead0(Ljava/io/FileDescriptor;[BIII)I+0 java.base@10.0.1
j  java.net.SocketInputStream.socketRead(Ljava/io/FileDescriptor;[BIII)I+8 java.base@10.0.1
j  java.net.SocketInputStream.read([BIII)I+117 java.base@10.0.1
j  java.net.SocketInputStream.read([BII)I+11 java.base@10.0.1
j  invengo.javaapi.communication.NetSocket.runClient()V+94
j  invengo.javaapi.communication.NetSocket.access$0(Linvengo/javaapi/communication/NetSocket;)V+1
j  invengo.javaapi.communication.NetSocket$1.run()V+4
v  ~StubRoutines::call_stub

---------------  P R O C E S S  ---------------

Threads class SMR info:
_java_thread_list=0x000000006398d4f0, length=18, elements={
0x00000000617ca000, 0x00000000617d6000, 0x00000000617de000, 0x00000000617e1000,
0x00000000617e4000, 0x00000000617e9000, 0x0000000061837800, 0x0000000061850800,
0x000000006243e800, 0x000000006243f800, 0x000000006244b800, 0x000000006244c800,
0x0000000062499800, 0x00000000624ac800, 0x000000006274c800, 0x00000000639a4000,
0x000000006398e000, 0x000000000024e800
}

Java Threads: ( => current thread )
  0x00000000617ca000 JavaThread "Reference Handler" daemon [_thread_blocked, id=4232, stack(0x0000000061b30000,0x0000000061c30000)]
  0x00000000617d6000 JavaThread "Finalizer" daemon [_thread_blocked, id=4348, stack(0x0000000020ca0000,0x0000000020da0000)]
  0x00000000617de000 JavaThread "Signal Dispatcher" daemon [_thread_blocked, id=2612, stack(0x0000000061c60000,0x0000000061d60000)]
  0x00000000617e1000 JavaThread "Attach Listener" daemon [_thread_blocked, id=5016, stack(0x0000000061f40000,0x0000000062040000)]
  0x00000000617e4000 JavaThread "C2 CompilerThread0" daemon [_thread_blocked, id=1512, stack(0x0000000061d90000,0x0000000061e90000)]
  0x00000000617e9000 JavaThread "C2 CompilerThread1" daemon [_thread_blocked, id=4828, stack(0x0000000062040000,0x0000000062140000)]
  0x0000000061837800 JavaThread "C1 CompilerThread2" daemon [_thread_blocked, id=1860, stack(0x00000000622a0000,0x00000000623a0000)]
  0x0000000061850800 JavaThread "Sweeper thread" daemon [_thread_blocked, id=3664, stack(0x0000000062140000,0x0000000062240000)]
  0x000000006243e800 JavaThread "JDWP Transport Listener: dt_socket" daemon [_thread_blocked, id=3208, stack(0x0000000062cf0000,0x0000000062df0000)]
  0x000000006243f800 JavaThread "JDWP Event Helper Thread" daemon [_thread_blocked, id=4744, stack(0x0000000062e40000,0x0000000062f40000)]
  0x000000006244b800 JavaThread "JDWP Command Reader" daemon [_thread_in_native, id=3880, stack(0x0000000063070000,0x0000000063170000)]
  0x000000006244c800 JavaThread "Service Thread" daemon [_thread_blocked, id=4012, stack(0x00000000631a0000,0x00000000632a0000)]
  0x0000000062499800 JavaThread "Common-Cleaner" daemon [_thread_blocked, id=752, stack(0x0000000063400000,0x0000000063500000)]
  0x00000000624ac800 JavaThread "Timer-0" [_thread_blocked, id=4608, stack(0x0000000063630000,0x0000000063730000)] _threads_hazard_ptr=0x000000006398d4f0
=>0x000000006274c800 JavaThread "Thread-1" [_thread_in_vm, id=4228, stack(0x0000000063530000,0x0000000063630000)]
  0x00000000639a4000 JavaThread "Thread-2" [_thread_blocked, id=2272, stack(0x0000000062f70000,0x0000000063070000)]
  0x000000006398e000 JavaThread "Timer-1" [_thread_blocked, id=3176, stack(0x00000000642a0000,0x00000000643a0000)]
  0x000000000024e800 JavaThread "DestroyJavaVM" [_thread_blocked, id=2800, stack(0x0000000001e30000,0x0000000001f30000)]

Other Threads:
  0x000000001e05b000 VMThread "VM Thread" [stack: 0x00000000619f0000,0x0000000061af0000] [id=4884]
  0x000000006249d000 WatcherThread [stack: 0x0000000062b50000,0x0000000062c50000] [id=4992]
  0x0000000000268800 GCTaskThread "GC Thread#0" [stack: 0x0000000018c40000,0x0000000018d40000] [id=4528]
  0x0000000000269800 GCTaskThread "GC Thread#1" [stack: 0x0000000018a70000,0x0000000018b70000] [id=4888]
  0x000000000026d000 GCTaskThread "GC Thread#2" [stack: 0x0000000018e50000,0x0000000018f50000] [id=3572]
  0x0000000000272000 GCTaskThread "GC Thread#3" [stack: 0x0000000019100000,0x0000000019200000] [id=3668]
  0x000000001df65000 ConcurrentGCThread "G1 Main Marker" [stack: 0x000000001e0f0000,0x000000001e1f0000] [id=4400]
  0x000000001df6e000 ConcurrentGCThread "G1 Conc#0" [stack: 0x000000001e1f0000,0x000000001e2f0000] [id=4276]
  0x000000001dfe3800 ConcurrentGCThread "G1 Refine#0" [stack: 0x0000000020760000,0x0000000020860000] [id=4816]
  0x000000001dfe7800 ConcurrentGCThread "G1 Refine#1" [stack: 0x0000000020900000,0x0000000020a00000] [id=120]
  0x000000001dfe8800 ConcurrentGCThread "G1 Refine#2" [stack: 0x0000000020b40000,0x0000000020c40000] [id=3212]
  0x000000001dfeb000 ConcurrentGCThread "G1 Refine#3" [stack: 0x0000000020db0000,0x0000000020eb0000] [id=4408]
  0x000000001dfec000 ConcurrentGCThread "G1 Young RemSet Sampling" [stack: 0x0000000020a00000,0x0000000020b00000] [id=4428]

Threads with active compile tasks:
C1 CompilerThread2 647   !   3       java.net.URL::<init> (543 bytes)

VM state:synchronizing (normal execution)

VM Mutex/Monitor currently owned by a thread:  ([mutex/lock_event])
[0x000000000024b530] Threads_lock - owner thread: 0x000000001e05b000

Heap address: 0x0000000081a00000, size: 2022 MB, Compressed Oops mode: 32-bit
Narrow klass base: 0x0000000000000000, Narrow klass shift: 0
Compressed class space size: 1073741824 Address: 0x0000000020eb0000

Heap:
 garbage-first heap   total 131072K, used 7168K [0x0000000081a00000, 0x0000000100000000)
  region size 1024K, 8 young (8192K), 0 survivors (0K)
 Metaspace       used 9352K, capacity 9587K, committed 9728K, reserved 1058816K
  class space    used 938K, capacity 1008K, committed 1024K, reserved 1048576K
Heap Regions: E=young(eden), S=young(survivor), O=old, HS=humongous(starts), HC=humongous(continues), CS=collection set, F=free, A=archive, TS=gc time stamp, AC=allocation context, TAMS=top-at-mark-start (previous, next)
|   0|0x0000000081a00000, 0x0000000081a00000, 0x0000000081b00000|  0%| F|  |TS  0|AC  0|TAMS 0x0000000081a00000, 0x0000000081a00000|
|   1|0x0000000081b00000, 0x0000000081b00000, 0x0000000081c00000|  0%| F|  |TS  0|AC  0|TAMS 0x0000000081b00000, 0x0000000081b00000|
|   2|0x0000000081c00000, 0x0000000081c00000, 0x0000000081d00000|  0%| F|  |TS  0|AC  0|TAMS 0x0000000081c00000, 0x0000000081c00000|
|   3|0x0000000081d00000, 0x0000000081d00000, 0x0000000081e00000|  0%| F|  |TS  0|AC  0|TAMS 0x0000000081d00000, 0x0000000081d00000|
|   4|0x0000000081e00000, 0x0000000081e00000, 0x0000000081f00000|  0%| F|  |TS  0|AC  0|TAMS 0x0000000081e00000, 0x0000000081e00000|
|   5|0x0000000081f00000, 0x0000000081f00000, 0x0000000082000000|  0%| F|  |TS  0|AC  0|TAMS 0x0000000081f00000, 0x0000000081f00000|
|   6|0x0000000082000000, 0x0000000082000000, 0x0000000082100000|  0%| F|  |TS  0|AC  0|TAMS 0x0000000082000000, 0x0000000082000000|
|   7|0x0000000082100000, 0x0000000082100000, 0x0000000082200000|  0%| F|  |TS  0|AC  0|TAMS 0x0000000082100000, 0x0000000082100000|
|   8|0x0000000082200000, 0x0000000082200000, 0x0000000082300000|  0%| F|  |TS  0|AC  0|TAMS 0x0000000082200000, 0x0000000082200000|
|   9|0x0000000082300000, 0x0000000082300000, 0x0000000082400000|  0%| F|  |TS  0|AC  0|TAMS 0x0000000082300000, 0x0000000082300000|
|  10|0x0000000082400000, 0x0000000082400000, 0x0000000082500000|  0%| F|  |TS  0|AC  0|TAMS 0x0000000082400000, 0x0000000082400000|
|  11|0x0000000082500000, 0x0000000082500000, 0x0000000082600000|  0%| F|  |TS  0|AC  0|TAMS 0x0000000082500000, 0x0000000082500000|
|  12|0x0000000082600000, 0x0000000082600000, 0x0000000082700000|  0%| F|  |TS  0|AC  0|TAMS 0x0000000082600000, 0x0000000082600000|
|  13|0x0000000082700000, 0x0000000082700000, 0x0000000082800000|  0%| F|  |TS  0|AC  0|TAMS 0x0000000082700000, 0x0000000082700000|
|  14|0x0000000082800000, 0x0000000082800000, 0x0000000082900000|  0%| F|  |TS  0|AC  0|TAMS 0x0000000082800000, 0x0000000082800000|
|  15|0x0000000082900000, 0x0000000082900000, 0x0000000082a00000|  0%| F|  |TS  0|AC  0|TAMS 0x0000000082900000, 0x0000000082900000|
|  16|0x0000000082a00000, 0x0000000082a00000, 0x0000000082b00000|  0%| F|  |TS  0|AC  0|TAMS 0x0000000082a00000, 0x0000000082a00000|
|  17|0x0000000082b00000, 0x0000000082b00000, 0x0000000082c00000|  0%| F|  |TS  0|AC  0|TAMS 0x0000000082b00000, 0x0000000082b00000|
|  18|0x0000000082c00000, 0x0000000082c00000, 0x0000000082d00000|  0%| F|  |TS  0|AC  0|TAMS 0x0000000082c00000, 0x0000000082c00000|
|  19|0x0000000082d00000, 0x0000000082d00000, 0x0000000082e00000|  0%| F|  |TS  0|AC  0|TAMS 0x0000000082d00000, 0x0000000082d00000|
|  20|0x0000000082e00000, 0x0000000082e00000, 0x0000000082f00000|  0%| F|  |TS  0|AC  0|TAMS 0x0000000082e00000, 0x0000000082e00000|
|  21|0x0000000082f00000, 0x0000000082f00000, 0x0000000083000000|  0%| F|  |TS  0|AC  0|TAMS 0x0000000082f00000, 0x0000000082f00000|
|  22|0x0000000083000000, 0x0000000083000000, 0x0000000083100000|  0%| F|  |TS  0|AC  0|TAMS 0x0000000083000000, 0x0000000083000000|
|  23|0x0000000083100000, 0x0000000083100000, 0x0000000083200000|  0%| F|  |TS  0|AC  0|TAMS 0x0000000083100000, 0x0000000083100000|
|  24|0x0000000083200000, 0x0000000083200000, 0x0000000083300000|  0%| F|  |TS  0|AC  0|TAMS 0x0000000083200000, 0x0000000083200000|
|  25|0x0000000083300000, 0x0000000083300000, 0x0000000083400000|  0%| F|  |TS  0|AC  0|TAMS 0x0000000083300000, 0x0000000083300000|
|  26|0x0000000083400000, 0x0000000083400000, 0x0000000083500000|  0%| F|  |TS  0|AC  0|TAMS 0x0000000083400000, 0x0000000083400000|
|  27|0x0000000083500000, 0x0000000083500000, 0x0000000083600000|  0%| F|  |TS  0|AC  0|TAMS 0x0000000083500000, 0x0000000083500000|
|  28|0x0000000083600000, 0x0000000083600000, 0x0000000083700000|  0%| F|  |TS  0|AC  0|TAMS 0x0000000083600000, 0x0000000083600000|
|  29|0x0000000083700000, 0x0000000083700000, 0x0000000083800000|  0%| F|  |TS  0|AC  0|TAMS 0x0000000083700000, 0x0000000083700000|
|  30|0x0000000083800000, 0x0000000083800000, 0x0000000083900000|  0%| F|  |TS  0|AC  0|TAMS 0x0000000083800000, 0x0000000083800000|
|  31|0x0000000083900000, 0x0000000083900000, 0x0000000083a00000|  0%| F|  |TS  0|AC  0|TAMS 0x0000000083900000, 0x0000000083900000|
|  32|0x0000000083a00000, 0x0000000083a00000, 0x0000000083b00000|  0%| F|  |TS  0|AC  0|TAMS 0x0000000083a00000, 0x0000000083a00000|
|  33|0x0000000083b00000, 0x0000000083b00000, 0x0000000083c00000|  0%| F|  |TS  0|AC  0|TAMS 0x0000000083b00000, 0x0000000083b00000|
|  34|0x0000000083c00000, 0x0000000083c00000, 0x0000000083d00000|  0%| F|  |TS  0|AC  0|TAMS 0x0000000083c00000, 0x0000000083c00000|
|  35|0x0000000083d00000, 0x0000000083d00000, 0x0000000083e00000|  0%| F|  |TS  0|AC  0|TAMS 0x0000000083d00000, 0x0000000083d00000|
|  36|0x0000000083e00000, 0x0000000083e00000, 0x0000000083f00000|  0%| F|  |TS  0|AC  0|TAMS 0x0000000083e00000, 0x0000000083e00000|
|  37|0x0000000083f00000, 0x0000000083f00000, 0x0000000084000000|  0%| F|  |TS  0|AC  0|TAMS 0x0000000083f00000, 0x0000000083f00000|
|  38|0x0000000084000000, 0x0000000084000000, 0x0000000084100000|  0%| F|  |TS  0|AC  0|TAMS 0x0000000084000000, 0x0000000084000000|
|  39|0x0000000084100000, 0x0000000084100000, 0x0000000084200000|  0%| F|  |TS  0|AC  0|TAMS 0x0000000084100000, 0x0000000084100000|
|  40|0x0000000084200000, 0x0000000084200000, 0x0000000084300000|  0%| F|  |TS  0|AC  0|TAMS 0x0000000084200000, 0x0000000084200000|
|  41|0x0000000084300000, 0x0000000084300000, 0x0000000084400000|  0%| F|  |TS  0|AC  0|TAMS 0x0000000084300000, 0x0000000084300000|
|  42|0x0000000084400000, 0x0000000084400000, 0x0000000084500000|  0%| F|  |TS  0|AC  0|TAMS 0x0000000084400000, 0x0000000084400000|
|  43|0x0000000084500000, 0x0000000084500000, 0x0000000084600000|  0%| F|  |TS  0|AC  0|TAMS 0x0000000084500000, 0x0000000084500000|
|  44|0x0000000084600000, 0x0000000084600000, 0x0000000084700000|  0%| F|  |TS  0|AC  0|TAMS 0x0000000084600000, 0x0000000084600000|
|  45|0x0000000084700000, 0x0000000084700000, 0x0000000084800000|  0%| F|  |TS  0|AC  0|TAMS 0x0000000084700000, 0x0000000084700000|
|  46|0x0000000084800000, 0x0000000084800000, 0x0000000084900000|  0%| F|  |TS  0|AC  0|TAMS 0x0000000084800000, 0x0000000084800000|
|  47|0x0000000084900000, 0x0000000084900000, 0x0000000084a00000|  0%| F|  |TS  0|AC  0|TAMS 0x0000000084900000, 0x0000000084900000|
|  48|0x0000000084a00000, 0x0000000084a00000, 0x0000000084b00000|  0%| F|  |TS  0|AC  0|TAMS 0x0000000084a00000, 0x0000000084a00000|
|  49|0x0000000084b00000, 0x0000000084b00000, 0x0000000084c00000|  0%| F|  |TS  0|AC  0|TAMS 0x0000000084b00000, 0x0000000084b00000|
|  50|0x0000000084c00000, 0x0000000084c00000, 0x0000000084d00000|  0%| F|  |TS  0|AC  0|TAMS 0x0000000084c00000, 0x0000000084c00000|
|  51|0x0000000084d00000, 0x0000000084d00000, 0x0000000084e00000|  0%| F|  |TS  0|AC  0|TAMS 0x0000000084d00000, 0x0000000084d00000|
|  52|0x0000000084e00000, 0x0000000084e00000, 0x0000000084f00000|  0%| F|  |TS  0|AC  0|TAMS 0x0000000084e00000, 0x0000000084e00000|
|  53|0x0000000084f00000, 0x0000000084f00000, 0x0000000085000000|  0%| F|  |TS  0|AC  0|TAMS 0x0000000084f00000, 0x0000000084f00000|
|  54|0x0000000085000000, 0x0000000085000000, 0x0000000085100000|  0%| F|  |TS  0|AC  0|TAMS 0x0000000085000000, 0x0000000085000000|
|  55|0x0000000085100000, 0x0000000085100000, 0x0000000085200000|  0%| F|  |TS  0|AC  0|TAMS 0x0000000085100000, 0x0000000085100000|
|  56|0x0000000085200000, 0x0000000085200000, 0x0000000085300000|  0%| F|  |TS  0|AC  0|TAMS 0x0000000085200000, 0x0000000085200000|
|  57|0x0000000085300000, 0x0000000085300000, 0x0000000085400000|  0%| F|  |TS  0|AC  0|TAMS 0x0000000085300000, 0x0000000085300000|
|  58|0x0000000085400000, 0x0000000085400000, 0x0000000085500000|  0%| F|  |TS  0|AC  0|TAMS 0x0000000085400000, 0x0000000085400000|
|  59|0x0000000085500000, 0x0000000085500000, 0x0000000085600000|  0%| F|  |TS  0|AC  0|TAMS 0x0000000085500000, 0x0000000085500000|
|  60|0x0000000085600000, 0x0000000085600000, 0x0000000085700000|  0%| F|  |TS  0|AC  0|TAMS 0x0000000085600000, 0x0000000085600000|
|  61|0x0000000085700000, 0x0000000085700000, 0x0000000085800000|  0%| F|  |TS  0|AC  0|TAMS 0x0000000085700000, 0x0000000085700000|
|  62|0x0000000085800000, 0x0000000085800000, 0x0000000085900000|  0%| F|  |TS  0|AC  0|TAMS 0x0000000085800000, 0x0000000085800000|
|  63|0x0000000085900000, 0x0000000085900000, 0x0000000085a00000|  0%| F|  |TS  0|AC  0|TAMS 0x0000000085900000, 0x0000000085900000|
|  64|0x0000000085a00000, 0x0000000085a00000, 0x0000000085b00000|  0%| F|  |TS  0|AC  0|TAMS 0x0000000085a00000, 0x0000000085a00000|
|  65|0x0000000085b00000, 0x0000000085b00000, 0x0000000085c00000|  0%| F|  |TS  0|AC  0|TAMS 0x0000000085b00000, 0x0000000085b00000|
|  66|0x0000000085c00000, 0x0000000085c00000, 0x0000000085d00000|  0%| F|  |TS  0|AC  0|TAMS 0x0000000085c00000, 0x0000000085c00000|
|  67|0x0000000085d00000, 0x0000000085d00000, 0x0000000085e00000|  0%| F|  |TS  0|AC  0|TAMS 0x0000000085d00000, 0x0000000085d00000|
|  68|0x0000000085e00000, 0x0000000085e00000, 0x0000000085f00000|  0%| F|  |TS  0|AC  0|TAMS 0x0000000085e00000, 0x0000000085e00000|
|  69|0x0000000085f00000, 0x0000000085f00000, 0x0000000086000000|  0%| F|  |TS  0|AC  0|TAMS 0x0000000085f00000, 0x0000000085f00000|
|  70|0x0000000086000000, 0x0000000086000000, 0x0000000086100000|  0%| F|  |TS  0|AC  0|TAMS 0x0000000086000000, 0x0000000086000000|
|  71|0x0000000086100000, 0x0000000086100000, 0x0000000086200000|  0%| F|  |TS  0|AC  0|TAMS 0x0000000086100000, 0x0000000086100000|
|  72|0x0000000086200000, 0x0000000086200000, 0x0000000086300000|  0%| F|  |TS  0|AC  0|TAMS 0x0000000086200000, 0x0000000086200000|
|  73|0x0000000086300000, 0x0000000086300000, 0x0000000086400000|  0%| F|  |TS  0|AC  0|TAMS 0x0000000086300000, 0x0000000086300000|
|  74|0x0000000086400000, 0x0000000086400000, 0x0000000086500000|  0%| F|  |TS  0|AC  0|TAMS 0x0000000086400000, 0x0000000086400000|
|  75|0x0000000086500000, 0x0000000086500000, 0x0000000086600000|  0%| F|  |TS  0|AC  0|TAMS 0x0000000086500000, 0x0000000086500000|
|  76|0x0000000086600000, 0x0000000086600000, 0x0000000086700000|  0%| F|  |TS  0|AC  0|TAMS 0x0000000086600000, 0x0000000086600000|
|  77|0x0000000086700000, 0x0000000086700000, 0x0000000086800000|  0%| F|  |TS  0|AC  0|TAMS 0x0000000086700000, 0x0000000086700000|
|  78|0x0000000086800000, 0x0000000086800000, 0x0000000086900000|  0%| F|  |TS  0|AC  0|TAMS 0x0000000086800000, 0x0000000086800000|
|  79|0x0000000086900000, 0x0000000086900000, 0x0000000086a00000|  0%| F|  |TS  0|AC  0|TAMS 0x0000000086900000, 0x0000000086900000|
|  80|0x0000000086a00000, 0x0000000086a00000, 0x0000000086b00000|  0%| F|  |TS  0|AC  0|TAMS 0x0000000086a00000, 0x0000000086a00000|
|  81|0x0000000086b00000, 0x0000000086b00000, 0x0000000086c00000|  0%| F|  |TS  0|AC  0|TAMS 0x0000000086b00000, 0x0000000086b00000|
|  82|0x0000000086c00000, 0x0000000086c00000, 0x0000000086d00000|  0%| F|  |TS  0|AC  0|TAMS 0x0000000086c00000, 0x0000000086c00000|
|  83|0x0000000086d00000, 0x0000000086d00000, 0x0000000086e00000|  0%| F|  |TS  0|AC  0|TAMS 0x0000000086d00000, 0x0000000086d00000|
|  84|0x0000000086e00000, 0x0000000086e00000, 0x0000000086f00000|  0%| F|  |TS  0|AC  0|TAMS 0x0000000086e00000, 0x0000000086e00000|
|  85|0x0000000086f00000, 0x0000000086f00000, 0x0000000087000000|  0%| F|  |TS  0|AC  0|TAMS 0x0000000086f00000, 0x0000000086f00000|
|  86|0x0000000087000000, 0x0000000087000000, 0x0000000087100000|  0%| F|  |TS  0|AC  0|TAMS 0x0000000087000000, 0x0000000087000000|
|  87|0x0000000087100000, 0x0000000087100000, 0x0000000087200000|  0%| F|  |TS  0|AC  0|TAMS 0x0000000087100000, 0x0000000087100000|
|  88|0x0000000087200000, 0x0000000087200000, 0x0000000087300000|  0%| F|  |TS  0|AC  0|TAMS 0x0000000087200000, 0x0000000087200000|
|  89|0x0000000087300000, 0x0000000087300000, 0x0000000087400000|  0%| F|  |TS  0|AC  0|TAMS 0x0000000087300000, 0x0000000087300000|
|  90|0x0000000087400000, 0x0000000087400000, 0x0000000087500000|  0%| F|  |TS  0|AC  0|TAMS 0x0000000087400000, 0x0000000087400000|
|  91|0x0000000087500000, 0x0000000087500000, 0x0000000087600000|  0%| F|  |TS  0|AC  0|TAMS 0x0000000087500000, 0x0000000087500000|
|  92|0x0000000087600000, 0x0000000087600000, 0x0000000087700000|  0%| F|  |TS  0|AC  0|TAMS 0x0000000087600000, 0x0000000087600000|
|  93|0x0000000087700000, 0x0000000087700000, 0x0000000087800000|  0%| F|  |TS  0|AC  0|TAMS 0x0000000087700000, 0x0000000087700000|
|  94|0x0000000087800000, 0x0000000087800000, 0x0000000087900000|  0%| F|  |TS  0|AC  0|TAMS 0x0000000087800000, 0x0000000087800000|
|  95|0x0000000087900000, 0x0000000087900000, 0x0000000087a00000|  0%| F|  |TS  0|AC  0|TAMS 0x0000000087900000, 0x0000000087900000|
|  96|0x0000000087a00000, 0x0000000087a00000, 0x0000000087b00000|  0%| F|  |TS  0|AC  0|TAMS 0x0000000087a00000, 0x0000000087a00000|
|  97|0x0000000087b00000, 0x0000000087b00000, 0x0000000087c00000|  0%| F|  |TS  0|AC  0|TAMS 0x0000000087b00000, 0x0000000087b00000|
|  98|0x0000000087c00000, 0x0000000087c00000, 0x0000000087d00000|  0%| F|  |TS  0|AC  0|TAMS 0x0000000087c00000, 0x0000000087c00000|
|  99|0x0000000087d00000, 0x0000000087d00000, 0x0000000087e00000|  0%| F|  |TS  0|AC  0|TAMS 0x0000000087d00000, 0x0000000087d00000|
| 100|0x0000000087e00000, 0x0000000087e00000, 0x0000000087f00000|  0%| F|  |TS  0|AC  0|TAMS 0x0000000087e00000, 0x0000000087e00000|
| 101|0x0000000087f00000, 0x0000000087f00000, 0x0000000088000000|  0%| F|  |TS  0|AC  0|TAMS 0x0000000087f00000, 0x0000000087f00000|
| 102|0x0000000088000000, 0x0000000088000000, 0x0000000088100000|  0%| F|  |TS  0|AC  0|TAMS 0x0000000088000000, 0x0000000088000000|
| 103|0x0000000088100000, 0x0000000088100000, 0x0000000088200000|  0%| F|  |TS  0|AC  0|TAMS 0x0000000088100000, 0x0000000088100000|
| 104|0x0000000088200000, 0x0000000088200000, 0x0000000088300000|  0%| F|  |TS  0|AC  0|TAMS 0x0000000088200000, 0x0000000088200000|
| 105|0x0000000088300000, 0x0000000088300000, 0x0000000088400000|  0%| F|  |TS  0|AC  0|TAMS 0x0000000088300000, 0x0000000088300000|
| 106|0x0000000088400000, 0x0000000088400000, 0x0000000088500000|  0%| F|  |TS  0|AC  0|TAMS 0x0000000088400000, 0x0000000088400000|
| 107|0x0000000088500000, 0x0000000088500000, 0x0000000088600000|  0%| F|  |TS  0|AC  0|TAMS 0x0000000088500000, 0x0000000088500000|
| 108|0x0000000088600000, 0x0000000088600000, 0x0000000088700000|  0%| F|  |TS  0|AC  0|TAMS 0x0000000088600000, 0x0000000088600000|
| 109|0x0000000088700000, 0x0000000088700000, 0x0000000088800000|  0%| F|  |TS  0|AC  0|TAMS 0x0000000088700000, 0x0000000088700000|
| 110|0x0000000088800000, 0x0000000088800000, 0x0000000088900000|  0%| F|  |TS  0|AC  0|TAMS 0x0000000088800000, 0x0000000088800000|
| 111|0x0000000088900000, 0x0000000088900000, 0x0000000088a00000|  0%| F|  |TS  0|AC  0|TAMS 0x0000000088900000, 0x0000000088900000|
| 112|0x0000000088a00000, 0x0000000088a00000, 0x0000000088b00000|  0%| F|  |TS  0|AC  0|TAMS 0x0000000088a00000, 0x0000000088a00000|
| 113|0x0000000088b00000, 0x0000000088b00000, 0x0000000088c00000|  0%| F|  |TS  0|AC  0|TAMS 0x0000000088b00000, 0x0000000088b00000|
| 114|0x0000000088c00000, 0x0000000088c00000, 0x0000000088d00000|  0%| F|  |TS  0|AC  0|TAMS 0x0000000088c00000, 0x0000000088c00000|
| 115|0x0000000088d00000, 0x0000000088d00000, 0x0000000088e00000|  0%| F|  |TS  0|AC  0|TAMS 0x0000000088d00000, 0x0000000088d00000|
| 116|0x0000000088e00000, 0x0000000088e00000, 0x0000000088f00000|  0%| F|  |TS  0|AC  0|TAMS 0x0000000088e00000, 0x0000000088e00000|
| 117|0x0000000088f00000, 0x0000000088f00000, 0x0000000089000000|  0%| F|  |TS  0|AC  0|TAMS 0x0000000088f00000, 0x0000000088f00000|
| 118|0x0000000089000000, 0x0000000089000000, 0x0000000089100000|  0%| F|  |TS  0|AC  0|TAMS 0x0000000089000000, 0x0000000089000000|
| 119|0x0000000089100000, 0x0000000089100000, 0x0000000089200000|  0%| F|  |TS  0|AC  0|TAMS 0x0000000089100000, 0x0000000089100000|
| 120|0x0000000089200000, 0x0000000089248348, 0x0000000089300000| 28%| E|  |TS  0|AC  0|TAMS 0x0000000089200000, 0x0000000089200000|
| 121|0x0000000089300000, 0x0000000089400000, 0x0000000089400000|100%| E|CS|TS  0|AC  0|TAMS 0x0000000089300000, 0x0000000089300000|
| 122|0x0000000089400000, 0x0000000089500000, 0x0000000089500000|100%| E|CS|TS  0|AC  0|TAMS 0x0000000089400000, 0x0000000089400000|
| 123|0x0000000089500000, 0x0000000089600000, 0x0000000089600000|100%| E|CS|TS  0|AC  0|TAMS 0x0000000089500000, 0x0000000089500000|
| 124|0x0000000089600000, 0x0000000089700000, 0x0000000089700000|100%| E|CS|TS  0|AC  0|TAMS 0x0000000089600000, 0x0000000089600000|
| 125|0x0000000089700000, 0x0000000089800000, 0x0000000089800000|100%| E|CS|TS  0|AC  0|TAMS 0x0000000089700000, 0x0000000089700000|
| 126|0x0000000089800000, 0x0000000089900000, 0x0000000089900000|100%| E|CS|TS  0|AC  0|TAMS 0x0000000089800000, 0x0000000089800000|
| 127|0x0000000089900000, 0x0000000089a00000, 0x0000000089a00000|100%| E|CS|TS  0|AC  0|TAMS 0x0000000089900000, 0x0000000089900000|

Card table byte_map: [0x0000000019820000,0x0000000019c20000] byte_map_base: 0x0000000019413000

Marking Bits (Prev, Next): (CMBitMap*) 0x000000001df64890, (CMBitMap*) 0x000000001df648c8
 Prev Bits: [0x000000001a020000, 0x000000001bfb8000)
 Next Bits: [0x000000001bfc0000, 0x000000001df58000)

Polling page: 0x00000000003e0000

CodeHeap 'non-profiled nmethods': size=120064Kb used=192Kb max_used=192Kb free=119872Kb
 bounds [0x0000000011520000, 0x0000000011790000, 0x0000000018a60000]
CodeHeap 'profiled nmethods': size=120000Kb used=1034Kb max_used=1034Kb free=118965Kb
 bounds [0x0000000009ff0000, 0x000000000a260000, 0x0000000011520000]
CodeHeap 'non-nmethods': size=5696Kb used=1124Kb max_used=1132Kb free=4571Kb
 bounds [0x0000000009a60000, 0x0000000009cd0000, 0x0000000009ff0000]
 total_blobs=1122 nmethods=645 adapters=288
 compilation: enabled

Compilation events (10 events):
Event: 10.550 Thread 0x0000000061837800 nmethod 639 0x000000000a0f1690 code [0x000000000a0f1840, 0x000000000a0f19b0]
Event: 10.551 Thread 0x0000000061837800  640       1       java.lang.invoke.MethodHandles$Lookup::lookupClass (5 bytes)
Event: 10.551 Thread 0x0000000061837800 nmethod 640 0x000000001154f390 code [0x000000001154f540, 0x000000001154f650]
Event: 10.553 Thread 0x0000000061837800  642       3       java.lang.invoke.MemberName$Factory::resolveOrFail (52 bytes)
Event: 10.553 Thread 0x0000000061837800 nmethod 642 0x000000000a0f1a10 code [0x000000000a0f1c60, 0x000000000a0f23f8]
Event: 10.571 Thread 0x0000000061837800  645       3       sun.nio.cs.SingleByte$Decoder::decode (11 bytes)
Event: 10.571 Thread 0x0000000061837800 nmethod 645 0x000000000a0f2710 code [0x000000000a0f28c0, 0x000000000a0f2a50]
Event: 24.513 Thread 0x0000000061837800  646       1       java.lang.System::getSecurityManager (4 bytes)
Event: 24.513 Thread 0x0000000061837800 nmethod 646 0x000000001154fd10 code [0x000000001154fec0, 0x000000001154ffb0]
Event: 25.943 Thread 0x0000000061837800  647   !   3       java.net.URL::<init> (543 bytes)

GC Heap History (0 events):
No events

Deoptimization events (1 events):
Event: 0.109 Thread 0x000000000024e800 Uncommon trap: reason=unstable_if action=reinterpret pc=0x0000000011525028 method=java.lang.String.hashCode()I @ 14 c2

Classes redefined (0 events):
No events

Internal exceptions (10 events):
Event: 19.514 Thread 0x000000006398e000 Exception <a 'java/io/IOException'{0x000000008939b960}: CreateProcess error=2, The system cannot find the file specified> (0x000000008939b960) thrown at [t:/workspace/open/src/hotspot/share/prims/jni.cpp, line 632]
Event: 20.514 Thread 0x000000006398e000 Exception <a 'java/io/IOException'{0x000000008939c578}: CreateProcess error=2, The system cannot find the file specified> (0x000000008939c578) thrown at [t:/workspace/open/src/hotspot/share/prims/jni.cpp, line 632]
Event: 21.514 Thread 0x000000006398e000 Exception <a 'java/io/IOException'{0x000000008939d190}: CreateProcess error=2, The system cannot find the file specified> (0x000000008939d190) thrown at [t:/workspace/open/src/hotspot/share/prims/jni.cpp, line 632]
Event: 22.514 Thread 0x000000006398e000 Exception <a 'java/io/IOException'{0x000000008939dda8}: CreateProcess error=2, The system cannot find the file specified> (0x000000008939dda8) thrown at [t:/workspace/open/src/hotspot/share/prims/jni.cpp, line 632]
Event: 23.514 Thread 0x000000006398e000 Exception <a 'java/io/IOException'{0x000000008939e9c0}: CreateProcess error=2, The system cannot find the file specified> (0x000000008939e9c0) thrown at [t:/workspace/open/src/hotspot/share/prims/jni.cpp, line 632]
Event: 24.513 Thread 0x000000006398e000 Exception <a 'java/io/IOException'{0x000000008939f5d8}: CreateProcess error=2, The system cannot find the file specified> (0x000000008939f5d8) thrown at [t:/workspace/open/src/hotspot/share/prims/jni.cpp, line 632]
Event: 25.513 Thread 0x000000006398e000 Exception <a 'java/io/IOException'{0x00000000893a01f0}: CreateProcess error=2, The system cannot find the file specified> (0x00000000893a01f0) thrown at [t:/workspace/open/src/hotspot/share/prims/jni.cpp, line 632]
Event: 25.947 Thread 0x000000006274c800 Exception <a 'java/net/SocketException'{0x000000008932bc28}: Socket closed> (0x000000008932bc28) thrown at [t:/workspace/open/src/hotspot/share/prims/jni.cpp, line 632]
Event: 25.947 Thread 0x00000000624ac800 JVM_StopThread thread JavaThread 0x000000006274c800 as oop 0x000000008958d368 [exception 0x000000006372ed20]
Event: 25.947 Thread 0x000000006274c800 Exception <a 'java/lang/ThreadDeath'{0x0000000089245e88}> (0x0000000089245e88) thrown at [t:/workspace/open/src/hotspot/share/prims/jni.cpp, line 611]

Events (10 events):
Event: 25.946 Executing VM operation: GetOrSetLocal
Event: 25.946 loading class java/net/SocketException done
Event: 25.946 Executing VM operation: GetOrSetLocal done
Event: 25.946 Executing VM operation: EnterInterpOnlyMode
Event: 25.946 Executing VM operation: EnterInterpOnlyMode done
Event: 25.947 loading class sun/net/ConnectionResetException
Event: 25.947 Executing VM operation: ThreadStop
Event: 25.947 loading class sun/net/ConnectionResetException done
Event: 25.947 Executing VM operation: ThreadStop done
Event: 25.947 Executing VM operation: GetOrSetLocal


Dynamic libraries:
0x000000013faf0000 - 0x000000013fb2e000 	C:\Program Files\Java\jre-10.0.1\bin\javaw.exe
0x0000000077210000 - 0x00000000773ba000 	C:\Windows\SYSTEM32\ntdll.dll
0x0000000076ff0000 - 0x000000007710f000 	C:\Windows\system32\kernel32.dll
0x000007fefd030000 - 0x000007fefd09a000 	C:\Windows\system32\KERNELBASE.dll
0x000007fefe3e0000 - 0x000007fefe4bb000 	C:\Windows\system32\ADVAPI32.dll
0x000007fefd600000 - 0x000007fefd69f000 	C:\Windows\system32\msvcrt.dll
0x000007fefd970000 - 0x000007fefd98f000 	C:\Windows\SYSTEM32\sechost.dll
0x000007feff280000 - 0x000007feff3ad000 	C:\Windows\system32\RPCRT4.dll
0x0000000077110000 - 0x000000007720a000 	C:\Windows\system32\USER32.dll
0x000007fefe160000 - 0x000007fefe1c7000 	C:\Windows\system32\GDI32.dll
0x000007fefd990000 - 0x000007fefd99e000 	C:\Windows\system32\LPK.dll
0x000007fefdff0000 - 0x000007fefe0b9000 	C:\Windows\system32\USP10.dll
0x000007fefb8a0000 - 0x000007fefba94000 	C:\Windows\WinSxS\amd64_microsoft.windows.common-controls_6595b64144ccf1df_6.0.7601.18837_none_fa3b1e3d17594757\COMCTL32.dll
0x000007fefda20000 - 0x000007fefda91000 	C:\Windows\system32\SHLWAPI.dll
0x000007fefc0b0000 - 0x000007fefc0bc000 	C:\Windows\system32\VERSION.dll
0x000007feff250000 - 0x000007feff27e000 	C:\Windows\system32\IMM32.DLL
0x000007feff3b0000 - 0x000007feff4b9000 	C:\Windows\system32\MSCTF.dll
0x000007fee3460000 - 0x000007fee354f000 	C:\Program Files\Java\jre-10.0.1\bin\msvcr120.dll
0x000007fee33b0000 - 0x000007fee3456000 	C:\Program Files\Java\jre-10.0.1\bin\msvcp120.dll
0x000000006e2b0000 - 0x000000006ed20000 	C:\Program Files\Java\jre-10.0.1\bin\server\jvm.dll
0x000007fef8150000 - 0x000007fef8159000 	C:\Windows\system32\WSOCK32.dll
0x000007fefd380000 - 0x000007fefd3cd000 	C:\Windows\system32\WS2_32.dll
0x000007fefdac0000 - 0x000007fefdac8000 	C:\Windows\system32\NSI.dll
0x000007fef9740000 - 0x000007fef977b000 	C:\Windows\system32\WINMM.dll
0x00000000773e0000 - 0x00000000773e7000 	C:\Windows\system32\PSAPI.DLL
0x000007fef9190000 - 0x000007fef919f000 	C:\Program Files\Java\jre-10.0.1\bin\verify.dll
0x000007fef8ee0000 - 0x000007fef9005000 	C:\Windows\system32\DBGHELP.DLL
0x000007fef1750000 - 0x000007fef1777000 	C:\Program Files\Java\jre-10.0.1\bin\java.dll
0x000007fee3850000 - 0x000007fee3886000 	C:\Program Files\Java\jre-10.0.1\bin\jdwp.dll
0x000007fef46e0000 - 0x000007fef46f6000 	C:\Program Files\Java\jre-10.0.1\bin\zip.dll
0x000007fef5360000 - 0x000007fef536a000 	C:\Program Files\Java\jre-10.0.1\bin\jimage.dll
0x000007fefe4c0000 - 0x000007feff24a000 	C:\Windows\system32\SHELL32.dll
0x000007fefe1d0000 - 0x000007fefe3d3000 	C:\Windows\system32\ole32.dll
0x000007fefcfd0000 - 0x000007fefcfdf000 	C:\Windows\system32\profapi.dll
0x000007fefa9b0000 - 0x000007fefa9ba000 	C:\Program Files\Java\jre-10.0.1\bin\dt_socket.dll
0x000007fefc700000 - 0x000007fefc755000 	C:\Windows\System32\mswsock.dll
0x000007fefc8b0000 - 0x000007fefc90b000 	C:\Windows\system32\DNSAPI.dll
0x000007fef8790000 - 0x000007fef87b7000 	C:\Windows\system32\IPHLPAPI.DLL
0x000007fef8780000 - 0x000007fef878b000 	C:\Windows\system32\WINNSI.DLL
0x000007fef8630000 - 0x000007fef8683000 	C:\Windows\System32\fwpuclnt.dll
0x000007fef6aa0000 - 0x000007fef6aa8000 	C:\Windows\system32\rasadhlp.dll
0x000007fefc6f0000 - 0x000007fefc6f7000 	C:\Windows\System32\wship6.dll
0x000007fefc180000 - 0x000007fefc187000 	C:\Windows\System32\wshtcpip.dll
0x000007fef4470000 - 0x000007fef448a000 	C:\Program Files\Java\jre-10.0.1\bin\net.dll
0x000007fefabf0000 - 0x000007fefac61000 	C:\Windows\system32\WINHTTP.dll
0x000007fefab80000 - 0x000007fefabe5000 	C:\Windows\system32\webio.dll
0x000007feefa70000 - 0x000007feefa81000 	C:\Program Files\Java\jre-10.0.1\bin\nio.dll
0x000007fefce70000 - 0x000007fefcec7000 	C:\Windows\system32\apphelp.dll

dbghelp: loaded successfully - version: 4.0.5 - missing functions: none
symbol engine: initialized successfully - sym options: 0x614 - pdb path: .;C:\Program Files\Java\jre-10.0.1\bin;C:\Windows\SYSTEM32;C:\Windows\WinSxS\amd64_microsoft.windows.common-controls_6595b64144ccf1df_6.0.7601.18837_none_fa3b1e3d17594757;C:\Program Files\Java\jre-10.0.1\bin\server

VM Arguments:
jvm_args: -agentlib:jdwp=transport=dt_socket,suspend=y,address=localhost:49649 -Dfile.encoding=Cp1252 
java_command: ESPReaderConsola.ESPReaderConsola 10.0.0.231:7086 /usr/bin/mosquitto_pub 10.0.0.230  
java_class_path (initial): C:\Users\PC-1\Desktop\XC-RF81-Consola\bin;C:\Users\PC-1\Desktop\XC-RF81-Consola\lib\IRP1.jar
Launcher Type: SUN_STANDARD

Logging:
Log output configuration:
#0: stdout all=warning uptime,level,tags
#1: stderr all=off uptime,level,tags

Environment Variables:
PATH=C:\Program Files (x86)\Common Files\Oracle\Java\javapath;C:\Windows\system32;C:\Windows;C:\Windows\System32\Wbem;C:\Windows\System32\WindowsPowerShell\v1.0\
USERNAME=PC-1
OS=Windows_NT
PROCESSOR_IDENTIFIER=Intel64 Family 6 Model 42 Stepping 7, GenuineIntel



---------------  S Y S T E M  ---------------

OS: Windows 7 , 64 bit Build 7601 (6.1.7601.23391)

CPU:total 4 (initial active 4) (4 cores per cpu, 1 threads per core) family 6 model 42 stepping 7, cmov, cx8, fxsr, mmx, sse, sse2, sse3, ssse3, sse4.1, sse4.2, popcnt, avx, aes, clmul, tsc, tscinvbit

Memory: 4k page, physical 8273960k(5063784k free), swap 16546064k(13037104k free)

vm_info: Java HotSpot(TM) 64-Bit Server VM (10.0.1+10) for windows-amd64 JRE (10.0.1+10), built on Mar 27 2018 02:27:48 by "mach5one" with MS VC++ 12.0 (VS2013)

END.
