#
# A fatal error has been detected by the Java Runtime Environment:
#
#  Internal Error (t:/workspace/open/src/hotspot/share/utilities/exceptions.cpp:464), pid=3956, tid=2904
#  fatal error: ExceptionMark destructor expects no pending exceptions
#
# JRE version: Java(TM) SE Runtime Environment (10.0.1+10) (build 10.0.1+10)
# Java VM: Java HotSpot(TM) 64-Bit Server VM (10.0.1+10, mixed mode, tiered, compressed oops, g1 gc, windows-amd64)
# No core dump will be written. Minidumps are not enabled by default on client versions of Windows
#
# If you would like to submit a bug report, please visit:
#   http://bugreport.java.com/bugreport/crash.jsp
#

---------------  S U M M A R Y ------------

Command Line: -agentlib:jdwp=transport=dt_socket,suspend=y,address=localhost:49655 -Dfile.encoding=Cp1252 ESPReaderConsola.ESPReaderConsola 10.0.0.231:7086 /usr/bin/mosquitto_pub 10.0.0.230  

Host: Intel(R) Core(TM) i5-2400 CPU @ 3.10GHz, 4 cores, 7G,  Windows 7 , 64 bit Build 7601 (6.1.7601.23391)
Time: Wed Oct 03 22:07:43 2018 SA Western Standard Time elapsed time: 37 seconds (0d 0h 0m 37s)

---------------  T H R E A D  ---------------

Current thread (0x0000000063b82800):  JavaThread "Thread-1" [_thread_in_vm, id=2904, stack(0x0000000064260000,0x0000000064360000)]

Stack: [0x0000000064260000,0x0000000064360000]
Native frames: (J=compiled Java code, j=interpreted, Vv=VM code, C=native code)
V  [jvm.dll+0x5a0369]
V  [jvm.dll+0x6bcf81]
V  [jvm.dll+0x6be176]
V  [jvm.dll+0x6be7b6]
V  [jvm.dll+0x23470d]
V  [jvm.dll+0x2b238a]
V  [jvm.dll+0x46c285]
V  [jvm.dll+0x3626b3]
C  0x0000000009af0e42

Java frames: (J=compiled Java code, j=interpreted, Vv=VM code)
j  java.net.SocketInputStream.socketRead0(Ljava/io/FileDescriptor;[BIII)I+0 java.base@10.0.1
j  java.net.SocketInputStream.socketRead(Ljava/io/FileDescriptor;[BIII)I+8 java.base@10.0.1
j  java.net.SocketInputStream.read([BIII)I+117 java.base@10.0.1
j  java.net.SocketInputStream.read([BII)I+11 java.base@10.0.1
j  invengo.javaapi.communication.NetSocket.runClient()V+94
j  invengo.javaapi.communication.NetSocket.access$0(Linvengo/javaapi/communication/NetSocket;)V+1
j  invengo.javaapi.communication.NetSocket$1.run()V+4
v  ~StubRoutines::call_stub

---------------  P R O C E S S  ---------------

Threads class SMR info:
_java_thread_list=0x0000000063cbbe20, length=18, elements={
0x0000000061ad9800, 0x0000000061b26000, 0x0000000061b2c800, 0x0000000061b2f800,
0x0000000061b32800, 0x0000000061b3a800, 0x0000000061b3b800, 0x0000000061b7c000,
0x0000000062833000, 0x0000000062834000, 0x0000000062837000, 0x0000000062842800,
0x000000006288d800, 0x0000000062897000, 0x0000000063b82800, 0x0000000063c92800,
0x0000000063b7f000, 0x00000000002be800
}

Java Threads: ( => current thread )
  0x0000000061ad9800 JavaThread "Reference Handler" daemon [_thread_blocked, id=660, stack(0x0000000020b20000,0x0000000020c20000)]
  0x0000000061b26000 JavaThread "Finalizer" daemon [_thread_blocked, id=3628, stack(0x0000000020d30000,0x0000000020e30000)]
  0x0000000061b2c800 JavaThread "Signal Dispatcher" daemon [_thread_blocked, id=4400, stack(0x0000000061fb0000,0x00000000620b0000)]
  0x0000000061b2f800 JavaThread "Attach Listener" daemon [_thread_blocked, id=4344, stack(0x0000000062170000,0x0000000062270000)]
  0x0000000061b32800 JavaThread "C2 CompilerThread0" daemon [_thread_blocked, id=4128, stack(0x0000000061e60000,0x0000000061f60000)]
  0x0000000061b3a800 JavaThread "C2 CompilerThread1" daemon [_thread_blocked, id=232, stack(0x0000000062430000,0x0000000062530000)]
  0x0000000061b3b800 JavaThread "C1 CompilerThread2" daemon [_thread_blocked, id=3476, stack(0x0000000062610000,0x0000000062710000)]
  0x0000000061b7c000 JavaThread "Sweeper thread" daemon [_thread_blocked, id=1556, stack(0x0000000062310000,0x0000000062410000)]
  0x0000000062833000 JavaThread "JDWP Transport Listener: dt_socket" daemon [_thread_blocked, id=3468, stack(0x00000000631f0000,0x00000000632f0000)]
  0x0000000062834000 JavaThread "JDWP Event Helper Thread" daemon [_thread_blocked, id=4204, stack(0x0000000063340000,0x0000000063440000)]
  0x0000000062837000 JavaThread "JDWP Command Reader" daemon [_thread_in_native, id=3460, stack(0x00000000630c0000,0x00000000631c0000)]
  0x0000000062842800 JavaThread "Service Thread" daemon [_thread_blocked, id=3016, stack(0x00000000635d0000,0x00000000636d0000)]
  0x000000006288d800 JavaThread "Common-Cleaner" daemon [_thread_blocked, id=1444, stack(0x0000000063780000,0x0000000063880000)]
  0x0000000062897000 JavaThread "Timer-0" [_thread_blocked, id=3808, stack(0x00000000638f0000,0x00000000639f0000)] _threads_hazard_ptr=0x0000000063cbbe20
=>0x0000000063b82800 JavaThread "Thread-1" [_thread_in_vm, id=2904, stack(0x0000000064260000,0x0000000064360000)]
  0x0000000063c92800 JavaThread "Thread-2" [_thread_blocked, id=560, stack(0x0000000064610000,0x0000000064710000)]
  0x0000000063b7f000 JavaThread "Timer-1" [_thread_blocked, id=1596, stack(0x0000000064a10000,0x0000000064b10000)]
  0x00000000002be800 JavaThread "DestroyJavaVM" [_thread_blocked, id=1724, stack(0x0000000001cf0000,0x0000000001df0000)]

Other Threads:
  0x0000000061ad5000 VMThread "VM Thread" [stack: 0x0000000061cf0000,0x0000000061df0000] [id=1476]
  0x0000000062892000 WatcherThread [stack: 0x00000000634a0000,0x00000000635a0000] [id=3668]
  0x00000000002d8800 GCTaskThread "GC Thread#0" [stack: 0x0000000018cb0000,0x0000000018db0000] [id=2528]
  0x00000000002d9800 GCTaskThread "GC Thread#1" [stack: 0x0000000018f50000,0x0000000019050000] [id=2444]
  0x00000000002e4800 GCTaskThread "GC Thread#2" [stack: 0x0000000019140000,0x0000000019240000] [id=3176]
  0x00000000002ea000 GCTaskThread "GC Thread#3" [stack: 0x0000000019380000,0x0000000019480000] [id=4444]
  0x000000000034f800 ConcurrentGCThread "G1 Main Marker" [stack: 0x000000001e450000,0x000000001e550000] [id=2728]
  0x000000001e1e5800 ConcurrentGCThread "G1 Conc#0" [stack: 0x000000001e580000,0x000000001e680000] [id=1912]
  0x000000001e25b800 ConcurrentGCThread "G1 Refine#0" [stack: 0x00000000209d0000,0x0000000020ad0000] [id=4440]
  0x000000001e25f800 ConcurrentGCThread "G1 Refine#1" [stack: 0x0000000020c20000,0x0000000020d20000] [id=4744]
  0x000000001e260800 ConcurrentGCThread "G1 Refine#2" [stack: 0x0000000020e70000,0x0000000020f70000] [id=2036]
  0x000000001e263000 ConcurrentGCThread "G1 Refine#3" [stack: 0x0000000020fb0000,0x00000000210b0000] [id=1552]
  0x000000001e26c000 ConcurrentGCThread "G1 Young RemSet Sampling" [stack: 0x0000000021100000,0x0000000021200000] [id=4692]

Threads with active compile tasks:
C1 CompilerThread2 649   !   3       java.net.URL::<init> (543 bytes)

VM state:synchronizing (normal execution)

VM Mutex/Monitor currently owned by a thread:  ([mutex/lock_event])
[0x00000000002bb530] Threads_lock - owner thread: 0x0000000061ad5000

Heap address: 0x0000000081a00000, size: 2022 MB, Compressed Oops mode: 32-bit
Narrow klass base: 0x0000000000000000, Narrow klass shift: 0
Compressed class space size: 1073741824 Address: 0x0000000021200000

Heap:
 garbage-first heap   total 131072K, used 7168K [0x0000000081a00000, 0x0000000100000000)
  region size 1024K, 8 young (8192K), 0 survivors (0K)
 Metaspace       used 9352K, capacity 9587K, committed 9728K, reserved 1058816K
  class space    used 938K, capacity 1008K, committed 1024K, reserved 1048576K
Heap Regions: E=young(eden), S=young(survivor), O=old, HS=humongous(starts), HC=humongous(continues), CS=collection set, F=free, A=archive, TS=gc time stamp, AC=allocation context, TAMS=top-at-mark-start (previous, next)
|   0|0x0000000081a00000, 0x0000000081a00000, 0x0000000081b00000|  0%| F|  |TS  0|AC  0|TAMS 0x0000000081a00000, 0x0000000081a00000|
|   1|0x0000000081b00000, 0x0000000081b00000, 0x0000000081c00000|  0%| F|  |TS  0|AC  0|TAMS 0x0000000081b00000, 0x0000000081b00000|
|   2|0x0000000081c00000, 0x0000000081c00000, 0x0000000081d00000|  0%| F|  |TS  0|AC  0|TAMS 0x0000000081c00000, 0x0000000081c00000|
|   3|0x0000000081d00000, 0x0000000081d00000, 0x0000000081e00000|  0%| F|  |TS  0|AC  0|TAMS 0x0000000081d00000, 0x0000000081d00000|
|   4|0x0000000081e00000, 0x0000000081e00000, 0x0000000081f00000|  0%| F|  |TS  0|AC  0|TAMS 0x0000000081e00000, 0x0000000081e00000|
|   5|0x0000000081f00000, 0x0000000081f00000, 0x0000000082000000|  0%| F|  |TS  0|AC  0|TAMS 0x0000000081f00000, 0x0000000081f00000|
|   6|0x0000000082000000, 0x0000000082000000, 0x0000000082100000|  0%| F|  |TS  0|AC  0|TAMS 0x0000000082000000, 0x0000000082000000|
|   7|0x0000000082100000, 0x0000000082100000, 0x0000000082200000|  0%| F|  |TS  0|AC  0|TAMS 0x0000000082100000, 0x0000000082100000|
|   8|0x0000000082200000, 0x0000000082200000, 0x0000000082300000|  0%| F|  |TS  0|AC  0|TAMS 0x0000000082200000, 0x0000000082200000|
|   9|0x0000000082300000, 0x0000000082300000, 0x0000000082400000|  0%| F|  |TS  0|AC  0|TAMS 0x0000000082300000, 0x0000000082300000|
|  10|0x0000000082400000, 0x0000000082400000, 0x0000000082500000|  0%| F|  |TS  0|AC  0|TAMS 0x0000000082400000, 0x0000000082400000|
|  11|0x0000000082500000, 0x0000000082500000, 0x0000000082600000|  0%| F|  |TS  0|AC  0|TAMS 0x0000000082500000, 0x0000000082500000|
|  12|0x0000000082600000, 0x0000000082600000, 0x0000000082700000|  0%| F|  |TS  0|AC  0|TAMS 0x0000000082600000, 0x0000000082600000|
|  13|0x0000000082700000, 0x0000000082700000, 0x0000000082800000|  0%| F|  |TS  0|AC  0|TAMS 0x0000000082700000, 0x0000000082700000|
|  14|0x0000000082800000, 0x0000000082800000, 0x0000000082900000|  0%| F|  |TS  0|AC  0|TAMS 0x0000000082800000, 0x0000000082800000|
|  15|0x0000000082900000, 0x0000000082900000, 0x0000000082a00000|  0%| F|  |TS  0|AC  0|TAMS 0x0000000082900000, 0x0000000082900000|
|  16|0x0000000082a00000, 0x0000000082a00000, 0x0000000082b00000|  0%| F|  |TS  0|AC  0|TAMS 0x0000000082a00000, 0x0000000082a00000|
|  17|0x0000000082b00000, 0x0000000082b00000, 0x0000000082c00000|  0%| F|  |TS  0|AC  0|TAMS 0x0000000082b00000, 0x0000000082b00000|
|  18|0x0000000082c00000, 0x0000000082c00000, 0x0000000082d00000|  0%| F|  |TS  0|AC  0|TAMS 0x0000000082c00000, 0x0000000082c00000|
|  19|0x0000000082d00000, 0x0000000082d00000, 0x0000000082e00000|  0%| F|  |TS  0|AC  0|TAMS 0x0000000082d00000, 0x0000000082d00000|
|  20|0x0000000082e00000, 0x0000000082e00000, 0x0000000082f00000|  0%| F|  |TS  0|AC  0|TAMS 0x0000000082e00000, 0x0000000082e00000|
|  21|0x0000000082f00000, 0x0000000082f00000, 0x0000000083000000|  0%| F|  |TS  0|AC  0|TAMS 0x0000000082f00000, 0x0000000082f00000|
|  22|0x0000000083000000, 0x0000000083000000, 0x0000000083100000|  0%| F|  |TS  0|AC  0|TAMS 0x0000000083000000, 0x0000000083000000|
|  23|0x0000000083100000, 0x0000000083100000, 0x0000000083200000|  0%| F|  |TS  0|AC  0|TAMS 0x0000000083100000, 0x0000000083100000|
|  24|0x0000000083200000, 0x0000000083200000, 0x0000000083300000|  0%| F|  |TS  0|AC  0|TAMS 0x0000000083200000, 0x0000000083200000|
|  25|0x0000000083300000, 0x0000000083300000, 0x0000000083400000|  0%| F|  |TS  0|AC  0|TAMS 0x0000000083300000, 0x0000000083300000|
|  26|0x0000000083400000, 0x0000000083400000, 0x0000000083500000|  0%| F|  |TS  0|AC  0|TAMS 0x0000000083400000, 0x0000000083400000|
|  27|0x0000000083500000, 0x0000000083500000, 0x0000000083600000|  0%| F|  |TS  0|AC  0|TAMS 0x0000000083500000, 0x0000000083500000|
|  28|0x0000000083600000, 0x0000000083600000, 0x0000000083700000|  0%| F|  |TS  0|AC  0|TAMS 0x0000000083600000, 0x0000000083600000|
|  29|0x0000000083700000, 0x0000000083700000, 0x0000000083800000|  0%| F|  |TS  0|AC  0|TAMS 0x0000000083700000, 0x0000000083700000|
|  30|0x0000000083800000, 0x0000000083800000, 0x0000000083900000|  0%| F|  |TS  0|AC  0|TAMS 0x0000000083800000, 0x0000000083800000|
|  31|0x0000000083900000, 0x0000000083900000, 0x0000000083a00000|  0%| F|  |TS  0|AC  0|TAMS 0x0000000083900000, 0x0000000083900000|
|  32|0x0000000083a00000, 0x0000000083a00000, 0x0000000083b00000|  0%| F|  |TS  0|AC  0|TAMS 0x0000000083a00000, 0x0000000083a00000|
|  33|0x0000000083b00000, 0x0000000083b00000, 0x0000000083c00000|  0%| F|  |TS  0|AC  0|TAMS 0x0000000083b00000, 0x0000000083b00000|
|  34|0x0000000083c00000, 0x0000000083c00000, 0x0000000083d00000|  0%| F|  |TS  0|AC  0|TAMS 0x0000000083c00000, 0x0000000083c00000|
|  35|0x0000000083d00000, 0x0000000083d00000, 0x0000000083e00000|  0%| F|  |TS  0|AC  0|TAMS 0x0000000083d00000, 0x0000000083d00000|
|  36|0x0000000083e00000, 0x0000000083e00000, 0x0000000083f00000|  0%| F|  |TS  0|AC  0|TAMS 0x0000000083e00000, 0x0000000083e00000|
|  37|0x0000000083f00000, 0x0000000083f00000, 0x0000000084000000|  0%| F|  |TS  0|AC  0|TAMS 0x0000000083f00000, 0x0000000083f00000|
|  38|0x0000000084000000, 0x0000000084000000, 0x0000000084100000|  0%| F|  |TS  0|AC  0|TAMS 0x0000000084000000, 0x0000000084000000|
|  39|0x0000000084100000, 0x0000000084100000, 0x0000000084200000|  0%| F|  |TS  0|AC  0|TAMS 0x0000000084100000, 0x0000000084100000|
|  40|0x0000000084200000, 0x0000000084200000, 0x0000000084300000|  0%| F|  |TS  0|AC  0|TAMS 0x0000000084200000, 0x0000000084200000|
|  41|0x0000000084300000, 0x0000000084300000, 0x0000000084400000|  0%| F|  |TS  0|AC  0|TAMS 0x0000000084300000, 0x0000000084300000|
|  42|0x0000000084400000, 0x0000000084400000, 0x0000000084500000|  0%| F|  |TS  0|AC  0|TAMS 0x0000000084400000, 0x0000000084400000|
|  43|0x0000000084500000, 0x0000000084500000, 0x0000000084600000|  0%| F|  |TS  0|AC  0|TAMS 0x0000000084500000, 0x0000000084500000|
|  44|0x0000000084600000, 0x0000000084600000, 0x0000000084700000|  0%| F|  |TS  0|AC  0|TAMS 0x0000000084600000, 0x0000000084600000|
|  45|0x0000000084700000, 0x0000000084700000, 0x0000000084800000|  0%| F|  |TS  0|AC  0|TAMS 0x0000000084700000, 0x0000000084700000|
|  46|0x0000000084800000, 0x0000000084800000, 0x0000000084900000|  0%| F|  |TS  0|AC  0|TAMS 0x0000000084800000, 0x0000000084800000|
|  47|0x0000000084900000, 0x0000000084900000, 0x0000000084a00000|  0%| F|  |TS  0|AC  0|TAMS 0x0000000084900000, 0x0000000084900000|
|  48|0x0000000084a00000, 0x0000000084a00000, 0x0000000084b00000|  0%| F|  |TS  0|AC  0|TAMS 0x0000000084a00000, 0x0000000084a00000|
|  49|0x0000000084b00000, 0x0000000084b00000, 0x0000000084c00000|  0%| F|  |TS  0|AC  0|TAMS 0x0000000084b00000, 0x0000000084b00000|
|  50|0x0000000084c00000, 0x0000000084c00000, 0x0000000084d00000|  0%| F|  |TS  0|AC  0|TAMS 0x0000000084c00000, 0x0000000084c00000|
|  51|0x0000000084d00000, 0x0000000084d00000, 0x0000000084e00000|  0%| F|  |TS  0|AC  0|TAMS 0x0000000084d00000, 0x0000000084d00000|
|  52|0x0000000084e00000, 0x0000000084e00000, 0x0000000084f00000|  0%| F|  |TS  0|AC  0|TAMS 0x0000000084e00000, 0x0000000084e00000|
|  53|0x0000000084f00000, 0x0000000084f00000, 0x0000000085000000|  0%| F|  |TS  0|AC  0|TAMS 0x0000000084f00000, 0x0000000084f00000|
|  54|0x0000000085000000, 0x0000000085000000, 0x0000000085100000|  0%| F|  |TS  0|AC  0|TAMS 0x0000000085000000, 0x0000000085000000|
|  55|0x0000000085100000, 0x0000000085100000, 0x0000000085200000|  0%| F|  |TS  0|AC  0|TAMS 0x0000000085100000, 0x0000000085100000|
|  56|0x0000000085200000, 0x0000000085200000, 0x0000000085300000|  0%| F|  |TS  0|AC  0|TAMS 0x0000000085200000, 0x0000000085200000|
|  57|0x0000000085300000, 0x0000000085300000, 0x0000000085400000|  0%| F|  |TS  0|AC  0|TAMS 0x0000000085300000, 0x0000000085300000|
|  58|0x0000000085400000, 0x0000000085400000, 0x0000000085500000|  0%| F|  |TS  0|AC  0|TAMS 0x0000000085400000, 0x0000000085400000|
|  59|0x0000000085500000, 0x0000000085500000, 0x0000000085600000|  0%| F|  |TS  0|AC  0|TAMS 0x0000000085500000, 0x0000000085500000|
|  60|0x0000000085600000, 0x0000000085600000, 0x0000000085700000|  0%| F|  |TS  0|AC  0|TAMS 0x0000000085600000, 0x0000000085600000|
|  61|0x0000000085700000, 0x0000000085700000, 0x0000000085800000|  0%| F|  |TS  0|AC  0|TAMS 0x0000000085700000, 0x0000000085700000|
|  62|0x0000000085800000, 0x0000000085800000, 0x0000000085900000|  0%| F|  |TS  0|AC  0|TAMS 0x0000000085800000, 0x0000000085800000|
|  63|0x0000000085900000, 0x0000000085900000, 0x0000000085a00000|  0%| F|  |TS  0|AC  0|TAMS 0x0000000085900000, 0x0000000085900000|
|  64|0x0000000085a00000, 0x0000000085a00000, 0x0000000085b00000|  0%| F|  |TS  0|AC  0|TAMS 0x0000000085a00000, 0x0000000085a00000|
|  65|0x0000000085b00000, 0x0000000085b00000, 0x0000000085c00000|  0%| F|  |TS  0|AC  0|TAMS 0x0000000085b00000, 0x0000000085b00000|
|  66|0x0000000085c00000, 0x0000000085c00000, 0x0000000085d00000|  0%| F|  |TS  0|AC  0|TAMS 0x0000000085c00000, 0x0000000085c00000|
|  67|0x0000000085d00000, 0x0000000085d00000, 0x0000000085e00000|  0%| F|  |TS  0|AC  0|TAMS 0x0000000085d00000, 0x0000000085d00000|
|  68|0x0000000085e00000, 0x0000000085e00000, 0x0000000085f00000|  0%| F|  |TS  0|AC  0|TAMS 0x0000000085e00000, 0x0000000085e00000|
|  69|0x0000000085f00000, 0x0000000085f00000, 0x0000000086000000|  0%| F|  |TS  0|AC  0|TAMS 0x0000000085f00000, 0x0000000085f00000|
|  70|0x0000000086000000, 0x0000000086000000, 0x0000000086100000|  0%| F|  |TS  0|AC  0|TAMS 0x0000000086000000, 0x0000000086000000|
|  71|0x0000000086100000, 0x0000000086100000, 0x0000000086200000|  0%| F|  |TS  0|AC  0|TAMS 0x0000000086100000, 0x0000000086100000|
|  72|0x0000000086200000, 0x0000000086200000, 0x0000000086300000|  0%| F|  |TS  0|AC  0|TAMS 0x0000000086200000, 0x0000000086200000|
|  73|0x0000000086300000, 0x0000000086300000, 0x0000000086400000|  0%| F|  |TS  0|AC  0|TAMS 0x0000000086300000, 0x0000000086300000|
|  74|0x0000000086400000, 0x0000000086400000, 0x0000000086500000|  0%| F|  |TS  0|AC  0|TAMS 0x0000000086400000, 0x0000000086400000|
|  75|0x0000000086500000, 0x0000000086500000, 0x0000000086600000|  0%| F|  |TS  0|AC  0|TAMS 0x0000000086500000, 0x0000000086500000|
|  76|0x0000000086600000, 0x0000000086600000, 0x0000000086700000|  0%| F|  |TS  0|AC  0|TAMS 0x0000000086600000, 0x0000000086600000|
|  77|0x0000000086700000, 0x0000000086700000, 0x0000000086800000|  0%| F|  |TS  0|AC  0|TAMS 0x0000000086700000, 0x0000000086700000|
|  78|0x0000000086800000, 0x0000000086800000, 0x0000000086900000|  0%| F|  |TS  0|AC  0|TAMS 0x0000000086800000, 0x0000000086800000|
|  79|0x0000000086900000, 0x0000000086900000, 0x0000000086a00000|  0%| F|  |TS  0|AC  0|TAMS 0x0000000086900000, 0x0000000086900000|
|  80|0x0000000086a00000, 0x0000000086a00000, 0x0000000086b00000|  0%| F|  |TS  0|AC  0|TAMS 0x0000000086a00000, 0x0000000086a00000|
|  81|0x0000000086b00000, 0x0000000086b00000, 0x0000000086c00000|  0%| F|  |TS  0|AC  0|TAMS 0x0000000086b00000, 0x0000000086b00000|
|  82|0x0000000086c00000, 0x0000000086c00000, 0x0000000086d00000|  0%| F|  |TS  0|AC  0|TAMS 0x0000000086c00000, 0x0000000086c00000|
|  83|0x0000000086d00000, 0x0000000086d00000, 0x0000000086e00000|  0%| F|  |TS  0|AC  0|TAMS 0x0000000086d00000, 0x0000000086d00000|
|  84|0x0000000086e00000, 0x0000000086e00000, 0x0000000086f00000|  0%| F|  |TS  0|AC  0|TAMS 0x0000000086e00000, 0x0000000086e00000|
|  85|0x0000000086f00000, 0x0000000086f00000, 0x0000000087000000|  0%| F|  |TS  0|AC  0|TAMS 0x0000000086f00000, 0x0000000086f00000|
|  86|0x0000000087000000, 0x0000000087000000, 0x0000000087100000|  0%| F|  |TS  0|AC  0|TAMS 0x0000000087000000, 0x0000000087000000|
|  87|0x0000000087100000, 0x0000000087100000, 0x0000000087200000|  0%| F|  |TS  0|AC  0|TAMS 0x0000000087100000, 0x0000000087100000|
|  88|0x0000000087200000, 0x0000000087200000, 0x0000000087300000|  0%| F|  |TS  0|AC  0|TAMS 0x0000000087200000, 0x0000000087200000|
|  89|0x0000000087300000, 0x0000000087300000, 0x0000000087400000|  0%| F|  |TS  0|AC  0|TAMS 0x0000000087300000, 0x0000000087300000|
|  90|0x0000000087400000, 0x0000000087400000, 0x0000000087500000|  0%| F|  |TS  0|AC  0|TAMS 0x0000000087400000, 0x0000000087400000|
|  91|0x0000000087500000, 0x0000000087500000, 0x0000000087600000|  0%| F|  |TS  0|AC  0|TAMS 0x0000000087500000, 0x0000000087500000|
|  92|0x0000000087600000, 0x0000000087600000, 0x0000000087700000|  0%| F|  |TS  0|AC  0|TAMS 0x0000000087600000, 0x0000000087600000|
|  93|0x0000000087700000, 0x0000000087700000, 0x0000000087800000|  0%| F|  |TS  0|AC  0|TAMS 0x0000000087700000, 0x0000000087700000|
|  94|0x0000000087800000, 0x0000000087800000, 0x0000000087900000|  0%| F|  |TS  0|AC  0|TAMS 0x0000000087800000, 0x0000000087800000|
|  95|0x0000000087900000, 0x0000000087900000, 0x0000000087a00000|  0%| F|  |TS  0|AC  0|TAMS 0x0000000087900000, 0x0000000087900000|
|  96|0x0000000087a00000, 0x0000000087a00000, 0x0000000087b00000|  0%| F|  |TS  0|AC  0|TAMS 0x0000000087a00000, 0x0000000087a00000|
|  97|0x0000000087b00000, 0x0000000087b00000, 0x0000000087c00000|  0%| F|  |TS  0|AC  0|TAMS 0x0000000087b00000, 0x0000000087b00000|
|  98|0x0000000087c00000, 0x0000000087c00000, 0x0000000087d00000|  0%| F|  |TS  0|AC  0|TAMS 0x0000000087c00000, 0x0000000087c00000|
|  99|0x0000000087d00000, 0x0000000087d00000, 0x0000000087e00000|  0%| F|  |TS  0|AC  0|TAMS 0x0000000087d00000, 0x0000000087d00000|
| 100|0x0000000087e00000, 0x0000000087e00000, 0x0000000087f00000|  0%| F|  |TS  0|AC  0|TAMS 0x0000000087e00000, 0x0000000087e00000|
| 101|0x0000000087f00000, 0x0000000087f00000, 0x0000000088000000|  0%| F|  |TS  0|AC  0|TAMS 0x0000000087f00000, 0x0000000087f00000|
| 102|0x0000000088000000, 0x0000000088000000, 0x0000000088100000|  0%| F|  |TS  0|AC  0|TAMS 0x0000000088000000, 0x0000000088000000|
| 103|0x0000000088100000, 0x0000000088100000, 0x0000000088200000|  0%| F|  |TS  0|AC  0|TAMS 0x0000000088100000, 0x0000000088100000|
| 104|0x0000000088200000, 0x0000000088200000, 0x0000000088300000|  0%| F|  |TS  0|AC  0|TAMS 0x0000000088200000, 0x0000000088200000|
| 105|0x0000000088300000, 0x0000000088300000, 0x0000000088400000|  0%| F|  |TS  0|AC  0|TAMS 0x0000000088300000, 0x0000000088300000|
| 106|0x0000000088400000, 0x0000000088400000, 0x0000000088500000|  0%| F|  |TS  0|AC  0|TAMS 0x0000000088400000, 0x0000000088400000|
| 107|0x0000000088500000, 0x0000000088500000, 0x0000000088600000|  0%| F|  |TS  0|AC  0|TAMS 0x0000000088500000, 0x0000000088500000|
| 108|0x0000000088600000, 0x0000000088600000, 0x0000000088700000|  0%| F|  |TS  0|AC  0|TAMS 0x0000000088600000, 0x0000000088600000|
| 109|0x0000000088700000, 0x0000000088700000, 0x0000000088800000|  0%| F|  |TS  0|AC  0|TAMS 0x0000000088700000, 0x0000000088700000|
| 110|0x0000000088800000, 0x0000000088800000, 0x0000000088900000|  0%| F|  |TS  0|AC  0|TAMS 0x0000000088800000, 0x0000000088800000|
| 111|0x0000000088900000, 0x0000000088900000, 0x0000000088a00000|  0%| F|  |TS  0|AC  0|TAMS 0x0000000088900000, 0x0000000088900000|
| 112|0x0000000088a00000, 0x0000000088a00000, 0x0000000088b00000|  0%| F|  |TS  0|AC  0|TAMS 0x0000000088a00000, 0x0000000088a00000|
| 113|0x0000000088b00000, 0x0000000088b00000, 0x0000000088c00000|  0%| F|  |TS  0|AC  0|TAMS 0x0000000088b00000, 0x0000000088b00000|
| 114|0x0000000088c00000, 0x0000000088c00000, 0x0000000088d00000|  0%| F|  |TS  0|AC  0|TAMS 0x0000000088c00000, 0x0000000088c00000|
| 115|0x0000000088d00000, 0x0000000088d00000, 0x0000000088e00000|  0%| F|  |TS  0|AC  0|TAMS 0x0000000088d00000, 0x0000000088d00000|
| 116|0x0000000088e00000, 0x0000000088e00000, 0x0000000088f00000|  0%| F|  |TS  0|AC  0|TAMS 0x0000000088e00000, 0x0000000088e00000|
| 117|0x0000000088f00000, 0x0000000088f00000, 0x0000000089000000|  0%| F|  |TS  0|AC  0|TAMS 0x0000000088f00000, 0x0000000088f00000|
| 118|0x0000000089000000, 0x0000000089000000, 0x0000000089100000|  0%| F|  |TS  0|AC  0|TAMS 0x0000000089000000, 0x0000000089000000|
| 119|0x0000000089100000, 0x0000000089100000, 0x0000000089200000|  0%| F|  |TS  0|AC  0|TAMS 0x0000000089100000, 0x0000000089100000|
| 120|0x0000000089200000, 0x0000000089290320, 0x0000000089300000| 56%| E|  |TS  0|AC  0|TAMS 0x0000000089200000, 0x0000000089200000|
| 121|0x0000000089300000, 0x0000000089400000, 0x0000000089400000|100%| E|CS|TS  0|AC  0|TAMS 0x0000000089300000, 0x0000000089300000|
| 122|0x0000000089400000, 0x0000000089500000, 0x0000000089500000|100%| E|CS|TS  0|AC  0|TAMS 0x0000000089400000, 0x0000000089400000|
| 123|0x0000000089500000, 0x0000000089600000, 0x0000000089600000|100%| E|CS|TS  0|AC  0|TAMS 0x0000000089500000, 0x0000000089500000|
| 124|0x0000000089600000, 0x0000000089700000, 0x0000000089700000|100%| E|CS|TS  0|AC  0|TAMS 0x0000000089600000, 0x0000000089600000|
| 125|0x0000000089700000, 0x0000000089800000, 0x0000000089800000|100%| E|CS|TS  0|AC  0|TAMS 0x0000000089700000, 0x0000000089700000|
| 126|0x0000000089800000, 0x0000000089900000, 0x0000000089900000|100%| E|CS|TS  0|AC  0|TAMS 0x0000000089800000, 0x0000000089800000|
| 127|0x0000000089900000, 0x0000000089a00000, 0x0000000089a00000|100%| E|CS|TS  0|AC  0|TAMS 0x0000000089900000, 0x0000000089900000|

Card table byte_map: [0x0000000019aa0000,0x0000000019ea0000] byte_map_base: 0x0000000019693000

Marking Bits (Prev, Next): (CMBitMap*) 0x000000001e1e4890, (CMBitMap*) 0x000000001e1e48c8
 Prev Bits: [0x000000001a2a0000, 0x000000001c238000)
 Next Bits: [0x000000001c240000, 0x000000001e1d8000)

Polling page: 0x0000000000070000

CodeHeap 'non-profiled nmethods': size=120064Kb used=191Kb max_used=191Kb free=119872Kb
 bounds [0x00000000115a0000, 0x0000000011810000, 0x0000000018ae0000]
CodeHeap 'profiled nmethods': size=120000Kb used=1044Kb max_used=1044Kb free=118955Kb
 bounds [0x000000000a070000, 0x000000000a2e0000, 0x00000000115a0000]
CodeHeap 'non-nmethods': size=5696Kb used=1124Kb max_used=1136Kb free=4571Kb
 bounds [0x0000000009ae0000, 0x0000000009d50000, 0x000000000a070000]
 total_blobs=1124 nmethods=647 adapters=288
 compilation: enabled

Compilation events (10 events):
Event: 7.110 Thread 0x0000000061b3b800 nmethod 641 0x00000000115ced10 code [0x00000000115ceec0, 0x00000000115cefd0]
Event: 7.111 Thread 0x0000000061b3b800  643       3       java.lang.invoke.MemberName$Factory::resolveOrFail (52 bytes)
Event: 7.112 Thread 0x0000000061b3b800 nmethod 643 0x000000000a174010 code [0x000000000a174260, 0x000000000a1749f8]
Event: 7.139 Thread 0x0000000061b3b800  646       3       sun.nio.cs.SingleByte$Decoder::decode (11 bytes)
Event: 7.139 Thread 0x0000000061b3b800 nmethod 646 0x000000000a174d10 code [0x000000000a174ec0, 0x000000000a175050]
Event: 21.073 Thread 0x0000000061b3b800  647       1       java.lang.System::getSecurityManager (4 bytes)
Event: 21.073 Thread 0x0000000061b3b800 nmethod 647 0x00000000115cf690 code [0x00000000115cf840, 0x00000000115cf930]
Event: 36.072 Thread 0x0000000061b32800  648       4       java.lang.String::indexOf (7 bytes)
Event: 36.078 Thread 0x0000000061b32800 nmethod 648 0x00000000115cf990 code [0x00000000115cfb20, 0x00000000115cfd58]
Event: 37.446 Thread 0x0000000061b3b800  649   !   3       java.net.URL::<init> (543 bytes)

GC Heap History (0 events):
No events

Deoptimization events (1 events):
Event: 0.118 Thread 0x00000000002be800 Uncommon trap: reason=unstable_if action=reinterpret pc=0x00000000115a4b98 method=java.lang.String.hashCode()I @ 14 c2

Classes redefined (0 events):
No events

Internal exceptions (10 events):
Event: 31.073 Thread 0x0000000063b7f000 Exception <a 'java/io/IOException'{0x00000000893a6ec8}: CreateProcess error=2, The system cannot find the file specified> (0x00000000893a6ec8) thrown at [t:/workspace/open/src/hotspot/share/prims/jni.cpp, line 632]
Event: 32.073 Thread 0x0000000063b7f000 Exception <a 'java/io/IOException'{0x00000000893a7ae0}: CreateProcess error=2, The system cannot find the file specified> (0x00000000893a7ae0) thrown at [t:/workspace/open/src/hotspot/share/prims/jni.cpp, line 632]
Event: 33.072 Thread 0x0000000063b7f000 Exception <a 'java/io/IOException'{0x00000000893a86f8}: CreateProcess error=2, The system cannot find the file specified> (0x00000000893a86f8) thrown at [t:/workspace/open/src/hotspot/share/prims/jni.cpp, line 632]
Event: 34.072 Thread 0x0000000063b7f000 Exception <a 'java/io/IOException'{0x00000000893a9310}: CreateProcess error=2, The system cannot find the file specified> (0x00000000893a9310) thrown at [t:/workspace/open/src/hotspot/share/prims/jni.cpp, line 632]
Event: 35.072 Thread 0x0000000063b7f000 Exception <a 'java/io/IOException'{0x00000000893a9f28}: CreateProcess error=2, The system cannot find the file specified> (0x00000000893a9f28) thrown at [t:/workspace/open/src/hotspot/share/prims/jni.cpp, line 632]
Event: 36.072 Thread 0x0000000063b7f000 Exception <a 'java/io/IOException'{0x00000000893aab40}: CreateProcess error=2, The system cannot find the file specified> (0x00000000893aab40) thrown at [t:/workspace/open/src/hotspot/share/prims/jni.cpp, line 632]
Event: 37.072 Thread 0x0000000063b7f000 Exception <a 'java/io/IOException'{0x00000000893ab758}: CreateProcess error=2, The system cannot find the file specified> (0x00000000893ab758) thrown at [t:/workspace/open/src/hotspot/share/prims/jni.cpp, line 632]
Event: 37.449 Thread 0x0000000063b82800 Exception <a 'java/net/SocketException'{0x000000008932bc28}: Socket closed> (0x000000008932bc28) thrown at [t:/workspace/open/src/hotspot/share/prims/jni.cpp, line 632]
Event: 37.449 Thread 0x0000000062897000 JVM_StopThread thread JavaThread 0x0000000063b82800 as oop 0x000000008958d368 [exception 0x00000000639eef20]
Event: 37.449 Thread 0x0000000063b82800 Exception <a 'java/lang/ThreadDeath'{0x0000000089251038}> (0x0000000089251038) thrown at [t:/workspace/open/src/hotspot/share/prims/jni.cpp, line 611]

Events (10 events):
Event: 37.449 Executing VM operation: GetOrSetLocal
Event: 37.449 loading class java/net/SocketException done
Event: 37.449 Executing VM operation: GetOrSetLocal done
Event: 37.449 Executing VM operation: EnterInterpOnlyMode
Event: 37.449 Executing VM operation: EnterInterpOnlyMode done
Event: 37.449 loading class sun/net/ConnectionResetException
Event: 37.449 Executing VM operation: ThreadStop
Event: 37.449 loading class sun/net/ConnectionResetException done
Event: 37.449 Executing VM operation: ThreadStop done
Event: 37.449 Executing VM operation: GetOrSetLocal


Dynamic libraries:
0x000000013f600000 - 0x000000013f63e000 	C:\Program Files\Java\jre-10.0.1\bin\javaw.exe
0x0000000077210000 - 0x00000000773ba000 	C:\Windows\SYSTEM32\ntdll.dll
0x0000000076ff0000 - 0x000000007710f000 	C:\Windows\system32\kernel32.dll
0x000007fefd030000 - 0x000007fefd09a000 	C:\Windows\system32\KERNELBASE.dll
0x000007fefe3e0000 - 0x000007fefe4bb000 	C:\Windows\system32\ADVAPI32.dll
0x000007fefd600000 - 0x000007fefd69f000 	C:\Windows\system32\msvcrt.dll
0x000007fefd970000 - 0x000007fefd98f000 	C:\Windows\SYSTEM32\sechost.dll
0x000007feff280000 - 0x000007feff3ad000 	C:\Windows\system32\RPCRT4.dll
0x0000000077110000 - 0x000000007720a000 	C:\Windows\system32\USER32.dll
0x000007fefe160000 - 0x000007fefe1c7000 	C:\Windows\system32\GDI32.dll
0x000007fefd990000 - 0x000007fefd99e000 	C:\Windows\system32\LPK.dll
0x000007fefdff0000 - 0x000007fefe0b9000 	C:\Windows\system32\USP10.dll
0x000007fefb8a0000 - 0x000007fefba94000 	C:\Windows\WinSxS\amd64_microsoft.windows.common-controls_6595b64144ccf1df_6.0.7601.18837_none_fa3b1e3d17594757\COMCTL32.dll
0x000007fefda20000 - 0x000007fefda91000 	C:\Windows\system32\SHLWAPI.dll
0x000007fefc0b0000 - 0x000007fefc0bc000 	C:\Windows\system32\VERSION.dll
0x000007feff250000 - 0x000007feff27e000 	C:\Windows\system32\IMM32.DLL
0x000007feff3b0000 - 0x000007feff4b9000 	C:\Windows\system32\MSCTF.dll
0x000007fee3460000 - 0x000007fee354f000 	C:\Program Files\Java\jre-10.0.1\bin\msvcr120.dll
0x000007fee33b0000 - 0x000007fee3456000 	C:\Program Files\Java\jre-10.0.1\bin\msvcp120.dll
0x000000006e2b0000 - 0x000000006ed20000 	C:\Program Files\Java\jre-10.0.1\bin\server\jvm.dll
0x000007fef8150000 - 0x000007fef8159000 	C:\Windows\system32\WSOCK32.dll
0x000007fefd380000 - 0x000007fefd3cd000 	C:\Windows\system32\WS2_32.dll
0x000007fefdac0000 - 0x000007fefdac8000 	C:\Windows\system32\NSI.dll
0x000007fef9740000 - 0x000007fef977b000 	C:\Windows\system32\WINMM.dll
0x00000000773e0000 - 0x00000000773e7000 	C:\Windows\system32\PSAPI.DLL
0x000007fef9190000 - 0x000007fef919f000 	C:\Program Files\Java\jre-10.0.1\bin\verify.dll
0x000007fef8ee0000 - 0x000007fef9005000 	C:\Windows\system32\DBGHELP.DLL
0x000007fef1750000 - 0x000007fef1777000 	C:\Program Files\Java\jre-10.0.1\bin\java.dll
0x000007fed9ad0000 - 0x000007fed9b06000 	C:\Program Files\Java\jre-10.0.1\bin\jdwp.dll
0x000007fef46e0000 - 0x000007fef46f6000 	C:\Program Files\Java\jre-10.0.1\bin\zip.dll
0x000007fef5360000 - 0x000007fef536a000 	C:\Program Files\Java\jre-10.0.1\bin\jimage.dll
0x000007fefe4c0000 - 0x000007feff24a000 	C:\Windows\system32\SHELL32.dll
0x000007fefe1d0000 - 0x000007fefe3d3000 	C:\Windows\system32\ole32.dll
0x000007fefcfd0000 - 0x000007fefcfdf000 	C:\Windows\system32\profapi.dll
0x000007fefa9b0000 - 0x000007fefa9ba000 	C:\Program Files\Java\jre-10.0.1\bin\dt_socket.dll
0x000007fefc700000 - 0x000007fefc755000 	C:\Windows\System32\mswsock.dll
0x000007fefc8b0000 - 0x000007fefc90b000 	C:\Windows\system32\DNSAPI.dll
0x000007fef8790000 - 0x000007fef87b7000 	C:\Windows\system32\IPHLPAPI.DLL
0x000007fef8780000 - 0x000007fef878b000 	C:\Windows\system32\WINNSI.DLL
0x000007fef8630000 - 0x000007fef8683000 	C:\Windows\System32\fwpuclnt.dll
0x000007fef6aa0000 - 0x000007fef6aa8000 	C:\Windows\system32\rasadhlp.dll
0x000007fefc6f0000 - 0x000007fefc6f7000 	C:\Windows\System32\wship6.dll
0x000007fefc180000 - 0x000007fefc187000 	C:\Windows\System32\wshtcpip.dll
0x000007fef4470000 - 0x000007fef448a000 	C:\Program Files\Java\jre-10.0.1\bin\net.dll
0x000007fefabf0000 - 0x000007fefac61000 	C:\Windows\system32\WINHTTP.dll
0x000007fefab80000 - 0x000007fefabe5000 	C:\Windows\system32\webio.dll
0x000007feefa70000 - 0x000007feefa81000 	C:\Program Files\Java\jre-10.0.1\bin\nio.dll
0x000007fefce70000 - 0x000007fefcec7000 	C:\Windows\system32\apphelp.dll

dbghelp: loaded successfully - version: 4.0.5 - missing functions: none
symbol engine: initialized successfully - sym options: 0x614 - pdb path: .;C:\Program Files\Java\jre-10.0.1\bin;C:\Windows\SYSTEM32;C:\Windows\WinSxS\amd64_microsoft.windows.common-controls_6595b64144ccf1df_6.0.7601.18837_none_fa3b1e3d17594757;C:\Program Files\Java\jre-10.0.1\bin\server

VM Arguments:
jvm_args: -agentlib:jdwp=transport=dt_socket,suspend=y,address=localhost:49655 -Dfile.encoding=Cp1252 
java_command: ESPReaderConsola.ESPReaderConsola 10.0.0.231:7086 /usr/bin/mosquitto_pub 10.0.0.230  
java_class_path (initial): C:\Users\PC-1\Desktop\XC-RF81-Consola\bin;C:\Users\PC-1\Desktop\XC-RF81-Consola\lib\IRP1.jar
Launcher Type: SUN_STANDARD

Logging:
Log output configuration:
#0: stdout all=warning uptime,level,tags
#1: stderr all=off uptime,level,tags

Environment Variables:
PATH=C:\Program Files (x86)\Common Files\Oracle\Java\javapath;C:\Windows\system32;C:\Windows;C:\Windows\System32\Wbem;C:\Windows\System32\WindowsPowerShell\v1.0\
USERNAME=PC-1
OS=Windows_NT
PROCESSOR_IDENTIFIER=Intel64 Family 6 Model 42 Stepping 7, GenuineIntel



---------------  S Y S T E M  ---------------

OS: Windows 7 , 64 bit Build 7601 (6.1.7601.23391)

CPU:total 4 (initial active 4) (4 cores per cpu, 1 threads per core) family 6 model 42 stepping 7, cmov, cx8, fxsr, mmx, sse, sse2, sse3, ssse3, sse4.1, sse4.2, popcnt, avx, aes, clmul, tsc, tscinvbit

Memory: 4k page, physical 8273960k(5044748k free), swap 16546064k(13010776k free)

vm_info: Java HotSpot(TM) 64-Bit Server VM (10.0.1+10) for windows-amd64 JRE (10.0.1+10), built on Mar 27 2018 02:27:48 by "mach5one" with MS VC++ 12.0 (VS2013)

END.
