Invengo RFID Log 
2018-05-17 23:49:13,249 [12] DEBUG - EspReader is running.Connected:true
2018-05-17 23:49:57,551 [12] DEBUG - EspReader is running.Connected:true
2018-05-17 23:50:23,400 [12] DEBUG - EspReader is running.Connected:true
2018-05-17 23:55:16,030 [12] DEBUG - EspReader is running.Connected:true
2018-05-17 23:55:38,235 [12] DEBUG - EspReader is running.Connected:true
2018-05-17 23:56:14,076 [12] DEBUG - EspReader is running.Connected:true
2018-05-18 00:08:32,793 [12] DEBUG - EspReader is running.Connected:true
2018-05-18 00:09:06,181 [12] DEBUG - EspReader is running.Connected:true
2018-05-18 00:09:27,621 [12] DEBUG - EspReader is running.Connected:true
2018-05-18 00:10:15,261 [12] DEBUG - EspReader is running.Connected:true
2018-05-18 00:17:33,097 [12] DEBUG - EspReader is running.Connected:true
2018-05-20 16:54:58,304 [12] DEBUG - EspReader is running.Connected:true
2018-05-20 16:55:10,427 [12] DEBUG - EspReader is running.Connected:true
2018-05-22 23:43:28,297 [12] DEBUG - EspReader is running.Connected:true
2018-05-22 23:44:06,421 [12] DEBUG - EspReader is running.Connected:true
2018-05-22 23:44:16,146 [12] DEBUG - EspReader is running.Connected:true
2018-05-23 00:13:01,609 [12] DEBUG - EspReader is running.Connected:true
2018-05-23 00:16:14,760 [12] DEBUG - EspReader is running.Connected:true
2018-05-23 00:16:22,054 [12] DEBUG - EspReader is running.Connected:true
2018-05-23 00:17:02,383 [12] DEBUG - EspReader is running.Connected:true
2018-05-23 00:17:31,503 [12] DEBUG - EspReader is running.Connected:true
2018-05-23 00:18:38,184 [12] DEBUG - EspReader is running.Connected:true
2018-05-23 00:19:24,839 [12] DEBUG - EspReader is running.Connected:true
2018-05-23 00:21:57,401 [12] DEBUG - EspReader is running.Connected:true
2018-05-23 00:25:06,008 [12] DEBUG - EspReader is running.Connected:true
2018-05-23 00:25:11,693 [12] DEBUG - EspReader is running.Connected:true
2018-05-23 00:25:11,984 [12] DEBUG - EspReader is running.Connected:true
2018-05-23 00:25:13,189 [12] DEBUG - EspReader is running.Connected:true
2018-05-23 00:25:14,238 [12] DEBUG - EspReader is running.Connected:true
2018-05-23 00:25:27,130 [12] DEBUG - EspReader is running.Connected:true
2018-05-23 00:25:45,446 [12] DEBUG - EspReader is running.Connected:true
2018-05-23 00:26:31,356 [12] DEBUG - EspReader is running.Connected:true
2018-05-23 00:28:12,141 [12] DEBUG - EspReader is running.Connected:true
2018-05-23 00:28:19,855 [12] DEBUG - EspReader is running.Connected:true
2018-05-23 00:34:23,113 [12] DEBUG - EspReader is running.Connected:true
2018-05-23 00:34:35,193 [12] DEBUG - EspReader is running.Connected:true
2018-05-23 00:34:36,464 [12] DEBUG - EspReader is running.Connected:true
2018-05-23 00:34:47,775 [12] DEBUG - EspReader is running.Connected:true
2018-05-23 00:36:01,424 [12] DEBUG - EspReader is running.Connected:true
2018-05-23 00:36:33,790 [12] DEBUG - EspReader is running.Connected:true
2018-05-23 00:36:46,930 [12] DEBUG - EspReader is running.Connected:true
2018-05-23 00:51:22,645 [12] DEBUG - EspReader is running.Connected:true
2018-05-23 00:57:44,912 [12] DEBUG - EspReader is running.Connected:true
2018-05-23 00:58:35,545 [12] DEBUG - EspReader is running.Connected:true
2018-05-23 00:58:57,214 [12] DEBUG - EspReader is running.Connected:true
2018-05-23 00:59:35,690 [12] DEBUG - EspReader is running.Connected:true
2018-05-23 00:59:55,014 [12] DEBUG - EspReader is running.Connected:true
2018-05-23 01:00:47,949 [14] DEBUG - EspReader is running.Connected:true
2018-05-23 01:01:16,850 [12] DEBUG - EspReader is running.Connected:true
2018-05-23 01:01:20,552 [12] DEBUG - EspReader is running.Connected:true
2018-05-23 01:01:38,377 [12] DEBUG - EspReader is running.Connected:true
2018-05-23 01:01:50,937 [12] DEBUG - EspReader is running.Connected:true
2018-05-23 01:02:18,854 [12] DEBUG - EspReader is running.Connected:true
2018-05-23 01:02:32,322 [12] DEBUG - EspReader is running.Connected:true
2018-05-23 01:30:17,361 [12] DEBUG - EspReader is running.Connected:true
2018-05-23 01:30:29,397 [12] DEBUG - EspReader is running.Connected:true
2018-05-23 01:30:55,505 [12] DEBUG - EspReader is running.Connected:true
2018-05-23 01:31:06,108 [12] DEBUG - EspReader is running.Connected:true
2018-05-23 01:31:32,553 [12] DEBUG - EspReader is running.Connected:true
2018-05-23 01:36:26,333 [12] DEBUG - EspReader is running.Connected:true
2018-05-23 01:37:17,289 [12] DEBUG - EspReader is running.Connected:true
2018-05-23 01:38:01,778 [12] DEBUG - EspReader is running.Connected:true
2018-05-23 01:38:49,271 [12] DEBUG - EspReader is running.Connected:true
2018-05-23 01:39:25,972 [12] DEBUG - EspReader is running.Connected:true
2018-05-23 01:40:07,108 [12] DEBUG - EspReader is running.Connected:true
2018-05-23 01:41:09,005 [12] DEBUG - EspReader is running.Connected:true
2018-05-23 01:41:19,920 [12] DEBUG - EspReader is running.Connected:true
2018-05-23 01:42:02,526 [12] DEBUG - EspReader is running.Connected:true
2018-05-23 01:44:58,572 [12] DEBUG - EspReader is running.Connected:true
2018-05-23 01:45:11,193 [12] DEBUG - EspReader is running.Connected:true
2018-05-23 01:48:36,697 [12] DEBUG - EspReader is running.Connected:true
2018-05-23 01:48:48,415 [12] DEBUG - EspReader is running.Connected:true
2018-06-27 20:50:13,017 [12] DEBUG - EspReader is running.Connected:true
2018-06-27 20:50:15,369 [12] DEBUG - EspReader is running.Connected:true
2018-06-27 20:52:14,162 [12] DEBUG - EspReader is running.Connected:true
2018-06-27 20:52:49,359 [12] DEBUG - EspReader is running.Connected:true
2018-08-02 22:22:35,690 [15] DEBUG - EspReader is running.Connected:true
2018-08-02 22:22:52,036 [12] DEBUG - EspReader is running.Connected:true
2018-08-02 22:23:48,759 [15] DEBUG - EspReader is running.Connected:true
2018-08-02 22:32:34,461 [15] DEBUG - EspReader is running.Connected:true
2018-08-02 22:41:49,343 [15] DEBUG - EspReader is running.Connected:true
2018-08-02 22:45:14,988 [15] DEBUG - EspReader is running.Connected:true
2018-08-02 22:45:48,027 [15] DEBUG - EspReader is running.Connected:true
2018-08-02 22:46:12,185 [15] DEBUG - EspReader is running.Connected:true
2018-08-02 22:46:29,254 [15] DEBUG - EspReader is running.Connected:true
2018-08-02 22:47:18,788 [15] DEBUG - EspReader is running.Connected:true
2018-08-02 22:47:24,703 [15] DEBUG - EspReader is running.Connected:true
2018-08-02 22:48:14,827 [15] DEBUG - EspReader is running.Connected:true
2018-09-07 21:31:27,287 [14] DEBUG - EspReader is running.Connected:true
2018-09-07 21:34:02,343 [14] DEBUG - EspReader is running.Connected:true
2018-09-07 23:26:05,131 [1] FATAL - LectorESP:???????Connection refused: connect
2018-09-07 23:49:42,326 [15] DEBUG - LectorESP is running.Connected:true
2018-09-07 23:50:31,532 [15] DEBUG - LectorESP is running.Connected:true
2018-09-07 23:55:44,030 [15] DEBUG - LectorESP is running.Connected:true
2018-09-07 23:57:04,277 [15] DEBUG - LectorESP is running.Connected:true
2018-09-07 23:57:23,106 [12] DEBUG - LectorESP is running.Connected:true
2018-09-07 23:57:50,813 [15] DEBUG - LectorESP is running.Connected:true
2018-09-07 23:58:18,595 [15] DEBUG - LectorESP is running.Connected:true
2018-09-08 00:01:45,310 [15] DEBUG - LectorESP is running.Connected:true
2018-09-08 00:02:15,258 [15] DEBUG - LectorESP is running.Connected:true
2018-09-08 00:03:56,161 [15] DEBUG - LectorESP is running.Connected:true
2018-09-08 00:05:03,087 [15] DEBUG - LectorESP is running.Connected:true
2018-09-08 00:09:32,736 [15] DEBUG - LectorESP is running.Connected:true
2018-09-08 00:11:42,342 [15] DEBUG - LectorESP is running.Connected:true
2018-09-08 00:17:52,727 [15] DEBUG - LectorESP is running.Connected:true
2018-09-08 00:18:52,109 [15] DEBUG - LectorESP is running.Connected:true
2018-09-08 00:19:20,162 [15] DEBUG - LectorESP is running.Connected:true
2018-09-08 00:19:41,173 [15] DEBUG - LectorESP is running.Connected:true
2018-09-08 00:20:09,324 [15] DEBUG - LectorESP is running.Connected:true
2018-09-08 00:20:38,901 [15] DEBUG - LectorESP is running.Connected:true
2018-09-08 00:24:35,127 [15] DEBUG - LectorESP is running.Connected:true
2018-09-08 00:51:55,691 [15] DEBUG - LectorESP is running.Connected:true
2018-09-08 00:52:51,828 [15] DEBUG - LectorESP is running.Connected:true
2018-09-08 01:01:12,840 [15] DEBUG - LectorESP is running.Connected:true
2018-09-08 01:02:50,105 [15] DEBUG - LectorESP is running.Connected:true
2018-09-08 01:04:26,069 [15] DEBUG - LectorESP is running.Connected:true
2018-09-08 01:46:07,639 [15] DEBUG - LectorESP is running.Connected:true
2018-09-08 01:46:54,496 [15] DEBUG - LectorESP is running.Connected:true
2018-09-08 01:55:37,580 [15] DEBUG - LectorESP is running.Connected:true
2018-09-11 00:53:35,971 [15] DEBUG - LectorESP is running.Connected:true
2018-09-11 01:09:38,440 [15] DEBUG - LectorESP is running.Connected:true
2018-09-11 01:11:36,068 [15] DEBUG - LectorESP is running.Connected:true
2018-09-11 01:12:52,444 [15] DEBUG - LectorESP is running.Connected:true
2018-10-03 20:22:18,365 [15] DEBUG - LectorESP is running.Connected:true
2018-10-03 20:48:56,903 [15] DEBUG - LectorESP is running.Connected:true
2018-10-03 20:52:11,916 [15] DEBUG - LectorESP is running.Connected:true
2018-10-03 20:53:58,385 [15] DEBUG - LectorESP is running.Connected:true
2018-10-03 21:15:13,579 [15] DEBUG - LectorESP is running.Connected:true
2018-10-03 21:16:36,082 [15] DEBUG - LectorESP is running.Connected:true
2018-10-03 21:55:24,719 [16] DEBUG - LectorESP is running.Connected:true
2018-10-03 22:01:00,772 [16] DEBUG - LectorESP is running.Connected:true
2018-10-03 22:02:08,511 [16] DEBUG - LectorESP is running.Connected:true
2018-10-03 22:07:11,082 [16] DEBUG - LectorESP is running.Connected:true
2018-10-03 22:09:37,341 [16] DEBUG - LectorESP is running.Connected:true
2018-10-03 22:14:58,076 [16] DEBUG - LectorESP is running.Connected:true
2018-10-03 22:16:21,534 [16] DEBUG - LectorESP is running.Connected:true
2018-10-03 22:17:29,758 [16] DEBUG - LectorESP is running.Connected:true
2018-10-03 22:20:01,048 [16] DEBUG - LectorESP is running.Connected:true
2018-10-03 22:21:13,784 [16] DEBUG - LectorESP is running.Connected:true
2018-10-03 22:22:23,010 [16] DEBUG - LectorESP is running.Connected:true
2018-10-03 22:23:14,357 [16] DEBUG - LectorESP is running.Connected:true
2018-10-03 22:24:32,119 [16] DEBUG - LectorESP is running.Connected:true
2018-10-03 22:46:22,381 [16] DEBUG - LectorESP is running.Connected:true
2018-10-03 22:48:03,122 [16] DEBUG - LectorESP is running.Connected:true
2018-10-03 22:49:36,568 [16] DEBUG - LectorESP is running.Connected:true
2018-10-03 22:52:31,543 [16] DEBUG - LectorESP is running.Connected:true
2018-10-03 23:01:14,939 [16] DEBUG - LectorESP is running.Connected:true
2018-10-03 23:05:53,873 [16] DEBUG - LectorESP is running.Connected:true
2018-10-03 23:06:27,610 [16] DEBUG - LectorESP is running.Connected:true
2018-10-03 23:06:46,901 [16] DEBUG - LectorESP is running.Connected:true
2018-10-03 23:09:33,595 [16] DEBUG - LectorESP is running.Connected:true
2018-10-03 23:13:58,479 [16] DEBUG - LectorESP is running.Connected:true
2018-10-03 23:15:06,767 [16] DEBUG - LectorESP is running.Connected:true
2018-10-03 23:20:54,415 [16] DEBUG - LectorESP is running.Connected:true
2018-10-03 23:21:41,452 [16] DEBUG - LectorESP is running.Connected:true
2018-10-03 23:29:40,008 [16] DEBUG - LectorESP is running.Connected:true
2018-10-03 23:34:03,040 [16] DEBUG - LectorESP is running.Connected:true
2018-10-03 23:34:33,679 [16] DEBUG - LectorESP is running.Connected:true
2018-10-03 23:35:18,674 [16] DEBUG - LectorESP is running.Connected:true
2018-10-03 23:35:39,320 [16] DEBUG - LectorESP is running.Connected:true
2018-10-03 23:36:01,668 [16] DEBUG - LectorESP is running.Connected:true
2018-10-03 23:36:20,540 [16] DEBUG - LectorESP is running.Connected:true
2018-10-03 23:37:21,197 [16] DEBUG - LectorESP is running.Connected:true
2018-10-03 23:37:37,827 [16] DEBUG - LectorESP is running.Connected:true
2018-10-03 23:38:15,470 [16] DEBUG - LectorESP is running.Connected:true
2018-10-03 23:38:25,632 [16] DEBUG - LectorESP is running.Connected:true
2018-10-03 23:39:45,490 [16] DEBUG - LectorESP is running.Connected:true
2018-10-03 23:41:58,702 [16] DEBUG - LectorESP is running.Connected:true
2018-10-03 23:59:10,718 [1] FATAL - LectorESP:???????connect timed out
2018-10-04 01:06:38,517 [16] DEBUG - LectorESP is running.Connected:true
2018-10-04 01:06:59,801 [16] DEBUG - LectorESP is running.Connected:true
2018-10-04 01:08:58,247 [16] DEBUG - LectorESP is running.Connected:true
2018-10-04 01:11:00,063 [16] DEBUG - LectorESP is running.Connected:true
2018-10-04 01:11:43,285 [16] DEBUG - LectorESP is running.Connected:true
2018-10-04 01:12:02,226 [16] DEBUG - LectorESP is running.Connected:true
2018-10-04 01:12:12,814 [16] DEBUG - LectorESP is running.Connected:true
2018-10-04 01:13:57,665 [16] DEBUG - LectorESP is running.Connected:true
2018-10-04 01:17:26,644 [16] DEBUG - LectorESP is running.Connected:true
2018-10-04 01:17:55,264 [16] DEBUG - LectorESP is running.Connected:true
2018-10-04 01:18:40,265 [16] DEBUG - LectorESP is running.Connected:true
2018-10-04 01:18:53,600 [16] DEBUG - LectorESP is running.Connected:true
2018-10-04 01:19:06,894 [16] DEBUG - LectorESP is running.Connected:true
2018-10-04 01:22:00,778 [16] DEBUG - LectorESP is running.Connected:true
2018-10-04 01:31:02,828 [16] DEBUG - LectorESP is running.Connected:true
2018-10-04 01:33:14,605 [16] DEBUG - LectorESP is running.Connected:true
2018-10-04 01:34:48,987 [16] DEBUG - LectorESP is running.Connected:true
2018-10-04 01:35:46,988 [16] DEBUG - LectorESP is running.Connected:true
2018-10-04 01:36:04,976 [16] DEBUG - LectorESP is running.Connected:true
2018-10-04 01:37:59,188 [16] DEBUG - LectorESP is running.Connected:true
